#
# There is insufficient memory for the Java Runtime Environment to continue.
# Native memory allocation (malloc) failed to allocate 514544 bytes for Chunk::new
# Possible reasons:
#   The system is out of physical RAM or swap space
#   The process is running with CompressedOops enabled, and the Java Heap may be blocking the growth of the native heap
# Possible solutions:
#   Reduce memory load on the system
#   Increase physical memory or swap space
#   Check if swap backing store is full
#   Decrease Java heap size (-Xmx/-Xms)
#   Decrease number of Java threads
#   Decrease Java thread stack sizes (-Xss)
#   Set larger code cache with -XX:ReservedCodeCacheSize=
#   JVM is running with Unscaled Compressed Oops mode in which the Java heap is
#     placed in the first 4GB address space. The Java Heap base address is the
#     maximum limit for the native heap growth. Please use -XX:HeapBaseMinAddress
#     to set the Java Heap base and to place the Java Heap above 4GB virtual address.
# This output file may be truncated or incomplete.
#
#  Out of Memory Error (allocation.cpp:389), pid=13332, tid=0x0000000000006294
#
# JRE version: OpenJDK Runtime Environment (8.0_242-b01) (build 1.8.0_242-release-1644-b01)
# Java VM: OpenJDK 64-Bit Server VM (25.242-b01 mixed mode windows-amd64 compressed oops)
# Failed to write core dump. Minidumps are not enabled by default on client versions of Windows
#

---------------  T H R E A D  ---------------

Current thread (0x00000000192b5800):  JavaThread "C2 CompilerThread0" daemon [_thread_in_native, id=25236, stack(0x0000000019b90000,0x0000000019c90000)]

Stack: [0x0000000019b90000,0x0000000019c90000]
[error occurred during error reporting (printing stack bounds), id 0xc0000005]

Native frames: (J=compiled Java code, j=interpreted, Vv=VM code, C=native code)


Current CompileTask:
C2:   2010 1646   !   4       java.net.URLClassLoader$1::run (63 bytes)


---------------  P R O C E S S  ---------------

Java Threads: ( => current thread )
  0x000000001a759800 JavaThread "Cache worker for journal cache (C:\Users\Heramba\.gradle\caches\journal-1)" [_thread_blocked, id=19296, stack(0x000000001f280000,0x000000001f380000)]
  0x000000001a756000 JavaThread "File lock request listener" [_thread_in_native, id=10248, stack(0x000000001dfb0000,0x000000001e0b0000)]
  0x000000001a41c800 JavaThread "Cache worker for file hash cache (C:\Users\Heramba\.gradle\caches\7.0\fileHashes)" [_thread_blocked, id=23564, stack(0x000000001deb0000,0x000000001dfb0000)]
  0x000000001c2a8000 JavaThread "Daemon client event forwarder" [_thread_blocked, id=21348, stack(0x000000001dbb0000,0x000000001dcb0000)]
  0x000000001c2ae800 JavaThread "Stdin handler" [_thread_blocked, id=19004, stack(0x000000001dab0000,0x000000001dbb0000)]
  0x000000001c2ad800 JavaThread "Asynchronous log dispatcher for DefaultDaemonConnection: socket connection from /127.0.0.1:55480 to /127.0.0.1:55481" [_thread_blocked, id=21544, stack(0x000000001d8b0000,0x000000001d9b0000)]
  0x000000001c300800 JavaThread "Daemon worker" [_thread_in_vm, id=23720, stack(0x000000001d7b0000,0x000000001d8b0000)]
  0x000000001c2aa000 JavaThread "Cancel handler" [_thread_blocked, id=3168, stack(0x000000001d6b0000,0x000000001d7b0000)]
  0x000000001c1b8800 JavaThread "Handler for socket connection from /127.0.0.1:55480 to /127.0.0.1:55481" [_thread_in_native, id=14760, stack(0x000000001d5b0000,0x000000001d6b0000)]
  0x000000001c1b8000 JavaThread "Daemon" [_thread_blocked, id=11188, stack(0x000000001d4b0000,0x000000001d5b0000)]
  0x000000001c217000 JavaThread "Daemon periodic checks" [_thread_blocked, id=16880, stack(0x000000001d1b0000,0x000000001d2b0000)]
  0x000000001c211800 JavaThread "Incoming local TCP Connector on port 55480" [_thread_in_native, id=16220, stack(0x000000001cf70000,0x000000001d070000)]
  0x000000001be8d800 JavaThread "Daemon health stats" [_thread_blocked, id=4268, stack(0x000000001cb30000,0x000000001cc30000)]
  0x0000000019348000 JavaThread "Service Thread" daemon [_thread_blocked, id=9484, stack(0x0000000019f90000,0x000000001a090000)]
  0x00000000192bd800 JavaThread "C1 CompilerThread3" daemon [_thread_blocked, id=32, stack(0x0000000019e90000,0x0000000019f90000)]
  0x00000000192b7000 JavaThread "C2 CompilerThread2" daemon [_thread_blocked, id=18540, stack(0x0000000019d90000,0x0000000019e90000)]
  0x00000000174cc000 JavaThread "C2 CompilerThread1" daemon [_thread_in_native, id=3904, stack(0x0000000019c90000,0x0000000019d90000)]
=>0x00000000192b5800 JavaThread "C2 CompilerThread0" daemon [_thread_in_native, id=25236, stack(0x0000000019b90000,0x0000000019c90000)]
  0x00000000192b3800 JavaThread "Attach Listener" daemon [_thread_blocked, id=26612, stack(0x0000000019a90000,0x0000000019b90000)]
  0x00000000192b2800 JavaThread "Signal Dispatcher" daemon [_thread_blocked, id=7944, stack(0x0000000019990000,0x0000000019a90000)]
  0x000000000241e000 JavaThread "Finalizer" daemon [_thread_blocked, id=2572, stack(0x0000000019780000,0x0000000019880000)]
  0x0000000002417000 JavaThread "Reference Handler" daemon [_thread_blocked, id=23432, stack(0x0000000019680000,0x0000000019780000)]
  0x000000000051e800 JavaThread "main" [_thread_blocked, id=11904, stack(0x0000000002220000,0x0000000002320000)]

Other Threads:
  0x00000000174b6800 VMThread [stack: 0x0000000019180000,0x0000000019280000] [id=24292]
  0x0000000019348800 WatcherThread [stack: 0x000000001a090000,0x000000001a190000] [id=25060]

VM state:not at safepoint (normal execution)

VM Mutex/Monitor currently owned by a thread: None

heap address: 0x0000000080000000, size: 2048 MB, Compressed Oops mode: 32-bit
Narrow klass base: 0x0000000000000000, Narrow klass shift: 3
Compressed class space size: 1073741824 Address: 0x0000000100000000

Heap:
 PSYoungGen      total 75776K, used 71650K [0x00000000d5580000, 0x00000000daa00000, 0x0000000100000000)
  eden space 65024K, 97% used [0x00000000d5580000,0x00000000d9367dd0,0x00000000d9500000)
  from space 10752K, 81% used [0x00000000d9f80000,0x00000000da811290,0x00000000daa00000)
  to   space 10752K, 0% used [0x00000000d9500000,0x00000000d9500000,0x00000000d9f80000)
 ParOldGen       total 173568K, used 24K [0x0000000080000000, 0x000000008a980000, 0x00000000d5580000)
  object space 173568K, 0% used [0x0000000080000000,0x0000000080006000,0x000000008a980000)
 Metaspace       used 17523K, capacity 18240K, committed 18432K, reserved 1064960K
  class space    used 2486K, capacity 2714K, committed 2816K, reserved 1048576K

Card table byte_map: [0x00000000117e0000,0x0000000011bf0000] byte_map_base: 0x00000000113e0000

Marking Bits: (ParMarkBitMap*) 0x000000006647f030
 Begin Bits: [0x00000000126a0000, 0x00000000146a0000)
 End Bits:   [0x00000000146a0000, 0x00000000166a0000)

Polling page: 0x0000000000a40000

CodeCache: size=245760Kb used=5980Kb max_used=5993Kb free=239779Kb
 bounds [0x0000000002420000, 0x0000000002a00000, 0x0000000011420000]
 total_blobs=2109 nmethods=1695 adapters=327
 compilation: enabled

Compilation events (10 events):
Event: 2.000 Thread 0x00000000192bd800 nmethod 1694 0x00000000029f1d90 code [0x00000000029f1f80, 0x00000000029f2af8]
Event: 2.000 Thread 0x00000000192bd800 1695       3       java.lang.invoke.MethodHandleNatives::refKindIsGetter (32 bytes)
Event: 2.000 Thread 0x00000000192bd800 nmethod 1695 0x00000000029f1a10 code [0x00000000029f1b60, 0x00000000029f1d10]
Event: 2.001 Thread 0x00000000192bd800 1696       3       java.lang.invoke.LambdaForm$Name::isParam (13 bytes)
Event: 2.001 Thread 0x00000000192bd800 nmethod 1696 0x00000000029f4d10 code [0x00000000029f4e60, 0x00000000029f5010]
Event: 2.001 Thread 0x00000000192bd800 1697       3       java.lang.invoke.LambdaForm::normalize (322 bytes)
Event: 2.002 Thread 0x00000000192bd800 nmethod 1697 0x00000000029f5090 code [0x00000000029f5300, 0x00000000029f6878]
Event: 2.003 Thread 0x00000000192b7000 nmethod 1688 0x00000000029facd0 code [0x00000000029faea0, 0x00000000029fbe00]
Event: 2.003 Thread 0x00000000192b7000 1693       4       java.lang.ReflectiveOperationException::<init> (7 bytes)
Event: 2.005 Thread 0x00000000192b7000 nmethod 1693 0x00000000029f7750 code [0x00000000029f78a0, 0x00000000029f7c08]

GC Heap History (4 events):
Event: 0.884 GC heap before
{Heap before GC invocations=1 (full 0):
 PSYoungGen      total 75776K, used 65024K [0x00000000d5580000, 0x00000000daa00000, 0x0000000100000000)
  eden space 65024K, 100% used [0x00000000d5580000,0x00000000d9500000,0x00000000d9500000)
  from space 10752K, 0% used [0x00000000d9f80000,0x00000000d9f80000,0x00000000daa00000)
  to   space 10752K, 0% used [0x00000000d9500000,0x00000000d9500000,0x00000000d9f80000)
 ParOldGen       total 173568K, used 0K [0x0000000080000000, 0x000000008a980000, 0x00000000d5580000)
  object space 173568K, 0% used [0x0000000080000000,0x0000000080000000,0x000000008a980000)
 Metaspace       used 7809K, capacity 8112K, committed 8320K, reserved 1056768K
  class space    used 957K, capacity 1052K, committed 1152K, reserved 1048576K
Event: 0.889 GC heap after
Heap after GC invocations=1 (full 0):
 PSYoungGen      total 75776K, used 6029K [0x00000000d5580000, 0x00000000daa00000, 0x0000000100000000)
  eden space 65024K, 0% used [0x00000000d5580000,0x00000000d5580000,0x00000000d9500000)
  from space 10752K, 56% used [0x00000000d9500000,0x00000000d9ae3748,0x00000000d9f80000)
  to   space 10752K, 0% used [0x00000000d9f80000,0x00000000d9f80000,0x00000000daa00000)
 ParOldGen       total 173568K, used 16K [0x0000000080000000, 0x000000008a980000, 0x00000000d5580000)
  object space 173568K, 0% used [0x0000000080000000,0x0000000080004000,0x000000008a980000)
 Metaspace       used 7809K, capacity 8112K, committed 8320K, reserved 1056768K
  class space    used 957K, capacity 1052K, committed 1152K, reserved 1048576K
}
Event: 1.639 GC heap before
{Heap before GC invocations=2 (full 0):
 PSYoungGen      total 75776K, used 71053K [0x00000000d5580000, 0x00000000daa00000, 0x0000000100000000)
  eden space 65024K, 100% used [0x00000000d5580000,0x00000000d9500000,0x00000000d9500000)
  from space 10752K, 56% used [0x00000000d9500000,0x00000000d9ae3748,0x00000000d9f80000)
  to   space 10752K, 0% used [0x00000000d9f80000,0x00000000d9f80000,0x00000000daa00000)
 ParOldGen       total 173568K, used 16K [0x0000000080000000, 0x000000008a980000, 0x00000000d5580000)
  object space 173568K, 0% used [0x0000000080000000,0x0000000080004000,0x000000008a980000)
 Metaspace       used 13432K, capacity 13928K, committed 14080K, reserved 1060864K
  class space    used 1820K, capacity 1970K, committed 2048K, reserved 1048576K
Event: 1.649 GC heap after
Heap after GC invocations=2 (full 0):
 PSYoungGen      total 75776K, used 8772K [0x00000000d5580000, 0x00000000daa00000, 0x0000000100000000)
  eden space 65024K, 0% used [0x00000000d5580000,0x00000000d5580000,0x00000000d9500000)
  from space 10752K, 81% used [0x00000000d9f80000,0x00000000da811290,0x00000000daa00000)
  to   space 10752K, 0% used [0x00000000d9500000,0x00000000d9500000,0x00000000d9f80000)
 ParOldGen       total 173568K, used 24K [0x0000000080000000, 0x000000008a980000, 0x00000000d5580000)
  object space 173568K, 0% used [0x0000000080000000,0x0000000080006000,0x000000008a980000)
 Metaspace       used 13432K, capacity 13928K, committed 14080K, reserved 1060864K
  class space    used 1820K, capacity 1970K, committed 2048K, reserved 1048576K
}

Deoptimization events (10 events):
Event: 1.723 Thread 0x000000001c300800 Uncommon trap: reason=class_check action=maybe_recompile pc=0x00000000027b4804 method=java.util.regex.Matcher.match(II)Z @ 86
Event: 1.733 Thread 0x000000001c300800 Uncommon trap: reason=class_check action=maybe_recompile pc=0x00000000027b4804 method=java.util.regex.Matcher.match(II)Z @ 86
Event: 1.733 Thread 0x000000001c300800 Uncommon trap: reason=class_check action=maybe_recompile pc=0x00000000027b4804 method=java.util.regex.Matcher.match(II)Z @ 86
Event: 1.733 Thread 0x000000001c300800 Uncommon trap: reason=class_check action=maybe_recompile pc=0x00000000025d8560 method=java.util.regex.Matcher.match(II)Z @ 86
Event: 1.779 Thread 0x000000001c300800 Uncommon trap: reason=unstable_if action=reinterpret pc=0x00000000025f0f04 method=java.io.WinNTFileSystem.resolve(Ljava/lang/String;Ljava/lang/String;)Ljava/lang/String; @ 19
Event: 1.780 Thread 0x000000001c300800 Uncommon trap: reason=unstable_if action=reinterpret pc=0x000000000279b31c method=java.io.File.getName()Ljava/lang/String; @ 16
Event: 1.838 Thread 0x000000001c300800 Uncommon trap: reason=unstable_if action=reinterpret pc=0x00000000029b597c method=jdk.internal.org.objectweb.asm.Type.getArgumentsAndReturnSizes(Ljava/lang/String;)I @ 88
Event: 1.845 Thread 0x000000001c300800 Uncommon trap: reason=unstable_if action=reinterpret pc=0x00000000026b7504 method=java.util.HashMap.getNode(ILjava/lang/Object;)Ljava/util/HashMap$Node; @ 129
Event: 1.845 Thread 0x000000001c300800 Uncommon trap: reason=bimorphic action=maybe_recompile pc=0x000000000293e1d4 method=java.util.HashMap.putVal(ILjava/lang/Object;Ljava/lang/Object;ZZ)Ljava/lang/Object; @ 203
Event: 1.845 Thread 0x000000001c300800 Uncommon trap: reason=unstable_if action=reinterpret pc=0x000000000268fcd0 method=java.util.HashMap.getNode(ILjava/lang/Object;)Ljava/util/HashMap$Node; @ 129

Classes redefined (0 events):
No events

Internal exceptions (10 events):
Event: 1.508 Thread 0x000000001c1b8800 Exception <a 'java/lang/NoSuchMethodError': <clinit>> (0x00000000d80bdf20) thrown at [C:\src\AOSP-openjdk-git\hotspot\src\share\vm\prims\jni.cpp, line 1615]
Event: 1.516 Thread 0x000000001c1b8800 Exception <a 'java/lang/NoSuchMethodError': <clinit>> (0x00000000d8143b18) thrown at [C:\src\AOSP-openjdk-git\hotspot\src\share\vm\prims\jni.cpp, line 1615]
Event: 1.519 Thread 0x000000001c1b8800 Exception <a 'java/lang/NoSuchMethodError': <clinit>> (0x00000000d8174e60) thrown at [C:\src\AOSP-openjdk-git\hotspot\src\share\vm\prims\jni.cpp, line 1615]
Event: 1.523 Thread 0x000000001c1b8800 Exception <a 'java/lang/NoSuchMethodError': <clinit>> (0x00000000d81a3520) thrown at [C:\src\AOSP-openjdk-git\hotspot\src\share\vm\prims\jni.cpp, line 1615]
Event: 1.668 Thread 0x000000001c300800 Exception <a 'java/lang/NoSuchMethodError': java.lang.Object.lambda$static$0(Lorg/gradle/internal/state/ModelObject;)Ljava/lang/String;> (0x00000000d5815bb0) thrown at [C:\src\AOSP-openjdk-git\hotspot\src\share\vm\interpreter\linkResolver.cpp, line 620]
Event: 1.714 Thread 0x000000001c300800 Exception <a 'java/lang/IncompatibleClassChangeError': Found class java.lang.Object, but interface was expected> (0x00000000d65d8b30) thrown at [C:\src\AOSP-openjdk-git\hotspot\src\share\vm\interpreter\linkResolver.cpp, line 653]
Event: 1.809 Thread 0x000000001c300800 Exception <a 'java/lang/NoSuchMethodError': java.lang.Object.lambda$and$0(Ljava/util/function/Predicate;Ljava/lang/Object;)Z> (0x00000000d71348a0) thrown at [C:\src\AOSP-openjdk-git\hotspot\src\share\vm\interpreter\linkResolver.cpp, line 620]
Event: 1.810 Thread 0x000000001c300800 Exception <a 'java/lang/IncompatibleClassChangeError': Found class java.lang.Object, but interface was expected> (0x00000000d7144c30) thrown at [C:\src\AOSP-openjdk-git\hotspot\src\share\vm\interpreter\linkResolver.cpp, line 653]
Event: 1.812 Thread 0x000000001c300800 Exception <a 'java/lang/NoSuchMethodError': java.lang.Object.lambda$or$2(Ljava/util/function/Predicate;Ljava/lang/Object;)Z> (0x00000000d7149940) thrown at [C:\src\AOSP-openjdk-git\hotspot\src\share\vm\interpreter\linkResolver.cpp, line 620]
Event: 1.838 Thread 0x000000001c300800 Exception <a 'java/lang/NoSuchMethodError': java.lang.Object.lambda$comparing$77a9974f$1(Ljava/util/function/Function;Ljava/lang/Object;Ljava/lang/Object;)I> (0x00000000d7613a58) thrown at [C:\src\AOSP-openjdk-git\hotspot\src\share\vm\interpreter\linkReso

Events (10 events):
Event: 2.008 loading class com/google/common/collect/AbstractMapBasedMultimap$WrappedCollection
Event: 2.008 loading class com/google/common/collect/AbstractMapBasedMultimap$WrappedCollection done
Event: 2.009 loading class com/google/common/collect/AbstractMapBasedMultimap$RandomAccessWrappedList
Event: 2.009 loading class com/google/common/collect/AbstractMapBasedMultimap$RandomAccessWrappedList done
Event: 2.009 loading class com/google/common/collect/CompactLinkedHashMap
Event: 2.009 loading class com/google/common/collect/CompactLinkedHashMap done
Event: 2.009 loading class com/google/common/collect/LinkedHashMultimap$ValueEntry
Event: 2.009 loading class com/google/common/collect/LinkedHashMultimap$ValueEntry done
Event: 2.010 loading class com/google/common/collect/LinkedHashMultimap$ValueSetLink
Event: 2.010 loading class com/google/common/collect/LinkedHashMultimap$ValueSetLink done


Dynamic libraries:
0x00007ff727070000 - 0x00007ff7270a1000 	C:\Program Files\Android\Android Studio\jre\bin\java.exe
0x00007ffd06d90000 - 0x00007ffd06f85000 	C:\WINDOWS\SYSTEM32\ntdll.dll
0x00007ffd05a30000 - 0x00007ffd05aed000 	C:\WINDOWS\System32\KERNEL32.DLL
0x00007ffd049f0000 - 0x00007ffd04cb8000 	C:\WINDOWS\System32\KERNELBASE.dll
0x00007ffd057a0000 - 0x00007ffd0584c000 	C:\WINDOWS\System32\ADVAPI32.dll
0x00007ffd06630000 - 0x00007ffd066ce000 	C:\WINDOWS\System32\msvcrt.dll
0x00007ffd058b0000 - 0x00007ffd0594b000 	C:\WINDOWS\System32\sechost.dll
0x00007ffd05310000 - 0x00007ffd0543b000 	C:\WINDOWS\System32\RPCRT4.dll
0x00007ffd05ba0000 - 0x00007ffd05d40000 	C:\WINDOWS\System32\USER32.dll
0x00007ffd046e0000 - 0x00007ffd04702000 	C:\WINDOWS\System32\win32u.dll
0x00007ffd06d10000 - 0x00007ffd06d3a000 	C:\WINDOWS\System32\GDI32.dll
0x00007ffd04740000 - 0x00007ffd0484b000 	C:\WINDOWS\System32\gdi32full.dll
0x00007ffd04850000 - 0x00007ffd048ed000 	C:\WINDOWS\System32\msvcp_win.dll
0x00007ffd048f0000 - 0x00007ffd049f0000 	C:\WINDOWS\System32\ucrtbase.dll
0x00007ffcf00f0000 - 0x00007ffcf038a000 	C:\WINDOWS\WinSxS\amd64_microsoft.windows.common-controls_6595b64144ccf1df_6.0.19041.844_none_ca00b6081b84eb1d\COMCTL32.dll
0x00007ffd05af0000 - 0x00007ffd05b20000 	C:\WINDOWS\System32\IMM32.DLL
0x0000000066840000 - 0x0000000066912000 	C:\Program Files\Android\Android Studio\jre\jre\bin\msvcr100.dll
0x0000000065cb0000 - 0x00000000664fb000 	C:\Program Files\Android\Android Studio\jre\jre\bin\server\jvm.dll
0x00007ffd06d40000 - 0x00007ffd06d48000 	C:\WINDOWS\System32\PSAPI.DLL
0x00007ffd01960000 - 0x00007ffd01969000 	C:\WINDOWS\SYSTEM32\WSOCK32.dll
0x00007ffcfec70000 - 0x00007ffcfec7a000 	C:\WINDOWS\SYSTEM32\VERSION.dll
0x00007ffcf1430000 - 0x00007ffcf1457000 	C:\WINDOWS\SYSTEM32\WINMM.dll
0x00007ffd06560000 - 0x00007ffd065cb000 	C:\WINDOWS\System32\WS2_32.dll
0x00007ffcffaf0000 - 0x00007ffcffaff000 	C:\Program Files\Android\Android Studio\jre\jre\bin\verify.dll
0x00007ffcff460000 - 0x00007ffcff489000 	C:\Program Files\Android\Android Studio\jre\jre\bin\java.dll
0x00007ffcf4e80000 - 0x00007ffcf4e96000 	C:\Program Files\Android\Android Studio\jre\jre\bin\zip.dll
0x00007ffd05e10000 - 0x00007ffd06552000 	C:\WINDOWS\System32\SHELL32.dll
0x00007ffd02610000 - 0x00007ffd02da1000 	C:\WINDOWS\SYSTEM32\windows.storage.dll
0x00007ffd066d0000 - 0x00007ffd06a25000 	C:\WINDOWS\System32\combase.dll
0x00007ffd03f40000 - 0x00007ffd03f6c000 	C:\WINDOWS\SYSTEM32\Wldp.dll
0x00007ffd04df0000 - 0x00007ffd04e9e000 	C:\WINDOWS\System32\SHCORE.dll
0x00007ffd06b60000 - 0x00007ffd06bb5000 	C:\WINDOWS\System32\shlwapi.dll
0x00007ffd04410000 - 0x00007ffd0442f000 	C:\WINDOWS\SYSTEM32\profapi.dll
0x00007ffcf4e60000 - 0x00007ffcf4e7a000 	C:\Program Files\Android\Android Studio\jre\jre\bin\net.dll
0x00007ffd03cb0000 - 0x00007ffd03d1a000 	C:\WINDOWS\system32\mswsock.dll
0x00007ffcf4e40000 - 0x00007ffcf4e53000 	C:\Program Files\Android\Android Studio\jre\jre\bin\nio.dll
0x00007ffcf59d0000 - 0x00007ffcf59f7000 	C:\Users\Heramba\.gradle\native\49d0259a56938c7f99b2704e745ce422c4f750a7a20b539a32ccef96729676b1\windows-amd64\native-platform.dll
0x00007ffcf5730000 - 0x00007ffcf58c6000 	C:\Users\Heramba\.gradle\native\12488b8bf47d2d4c9fbf2f6322a914ad602e24e48041cd04a747c6da556b65c4\windows-amd64\native-platform-file-events.dll
0x00007ffcf4e30000 - 0x00007ffcf4e3d000 	C:\Program Files\Android\Android Studio\jre\jre\bin\management.dll
0x00007ffd03e80000 - 0x00007ffd03e98000 	C:\WINDOWS\SYSTEM32\CRYPTSP.dll
0x00007ffd035e0000 - 0x00007ffd03614000 	C:\WINDOWS\system32\rsaenh.dll
0x00007ffd04710000 - 0x00007ffd04737000 	C:\WINDOWS\System32\bcrypt.dll
0x00007ffd04390000 - 0x00007ffd043be000 	C:\WINDOWS\SYSTEM32\USERENV.dll
0x00007ffd04d20000 - 0x00007ffd04da0000 	C:\WINDOWS\System32\bcryptprimitives.dll
0x00007ffd03ea0000 - 0x00007ffd03eac000 	C:\WINDOWS\SYSTEM32\CRYPTBASE.dll
0x00007ffd03950000 - 0x00007ffd0398b000 	C:\WINDOWS\SYSTEM32\IPHLPAPI.DLL
0x00007ffd06bc0000 - 0x00007ffd06bc8000 	C:\WINDOWS\System32\NSI.dll
0x00007ffcfc870000 - 0x00007ffcfc887000 	C:\WINDOWS\SYSTEM32\dhcpcsvc6.DLL
0x00007ffcfdb20000 - 0x00007ffcfdb3d000 	C:\WINDOWS\SYSTEM32\dhcpcsvc.DLL
0x00007ffd03990000 - 0x00007ffd03a5c000 	C:\WINDOWS\SYSTEM32\DNSAPI.dll

VM Arguments:
jvm_args: -Xmx2048m -Dfile.encoding=UTF-8 -Duser.country=IN -Duser.language=en -Duser.variant 
java_command: org.gradle.launcher.daemon.bootstrap.GradleDaemon 7.0
java_class_path (initial): C:\Users\Heramba\.gradle\wrapper\dists\gradle-7.0-bin\2p9ebqfz6ilrfozi676ogco7n\gradle-7.0\lib\gradle-launcher-7.0.jar
Launcher Type: SUN_STANDARD

Environment Variables:
PATH=C:\Program Files\Common Files\Oracle\Java\javapath;C:\Windows\system32;C:\Windows;C:\Windows\System32\Wbem;C:\Windows\System32\WindowsPowerShell\v1.0\;C:\Windows\System32\OpenSSH\;C:\Program Files\NVIDIA Corporation\NVIDIA NGX;C:\Program Files (x86)\NVIDIA Corporation\PhysX\Common;C:\Program Files\NVIDIA Corporation\NVIDIA NvDLISR;C:\WINDOWS\system32;C:\WINDOWS;C:\WINDOWS\System32\Wbem;C:\WINDOWS\System32\WindowsPowerShell\v1.0\;C:\WINDOWS\System32\OpenSSH\;D:\Programme_folder\bin;D:\Programme folder\MATLAB\bin;C:\Program Files (x86)\IVI Foundation\VISA\WinNT\Bin\;C:\Program Files\IVI Foundation\VISA\Win64\Bin\;C:\Program Files (x86)\IVI Foundation\VISA\WinNT\Bin;D:\Programme folder\MinGW\bin;D:\Programme folder\Git\cmd;D:\Programme folder\Go\bin;C:\Users\Heramba\AppData\Local\Programs\Python\Python38-32\Scripts\;C:\Users\Heramba\AppData\Local\Programs\Python\Python38-32\;C:\Users\Heramba\AppData\Local\Microsoft\WindowsApps;C:\Users\Heramba\AppData\Local\atom\bin;D:\Programme folder\Microsoft VS Code\bin;C:\Users\Heramba\AppData\Local\Microsoft\WindowsApps;C:\Users\Heramba\go\bin
USERNAME=Heramba
OS=Windows_NT
PROCESSOR_IDENTIFIER=Intel64 Family 6 Model 158 Stepping 10, GenuineIntel



---------------  S Y S T E M  ---------------

OS: Windows 10.0 , 64 bit Build 19041 (10.0.19041.928)

CPU:total 8 (initial active 8) (4 cores per cpu, 2 threads per core) family 6 model 158 stepping 10, cmov, cx8, fxsr, mmx, sse, sse2, sse3, ssse3, sse4.1, sse4.2, popcnt, avx, avx2, aes, clmul, erms, 3dnowpref, lzcnt, ht, tsc, tscinvbit, bmi1, bmi2, adx

Memory: 4k page, physical 16613620k(410096k free), swap 47723888k(5360k free)

vm_info: OpenJDK 64-Bit Server VM (25.242-b01) for windows-amd64 JRE (1.8.0_242-release-1644-b01), built by "builder" with MS VC++ 10.0 (VS2010)

time: Tue Apr 20 12:56:32 2021
timezone: India Standard Time
elapsed time: 2 seconds (0d 0h 0m 2s)

