#
# There is insufficient memory for the Java Runtime Environment to continue.
# Native memory allocation (malloc) failed to allocate 704976 bytes for Chunk::new
# Possible reasons:
#   The system is out of physical RAM or swap space
#   The process is running with CompressedOops enabled, and the Java Heap may be blocking the growth of the native heap
# Possible solutions:
#   Reduce memory load on the system
#   Increase physical memory or swap space
#   Check if swap backing store is full
#   Decrease Java heap size (-Xmx/-Xms)
#   Decrease number of Java threads
#   Decrease Java thread stack sizes (-Xss)
#   Set larger code cache with -XX:ReservedCodeCacheSize=
#   JVM is running with Unscaled Compressed Oops mode in which the Java heap is
#     placed in the first 4GB address space. The Java Heap base address is the
#     maximum limit for the native heap growth. Please use -XX:HeapBaseMinAddress
#     to set the Java Heap base and to place the Java Heap above 4GB virtual address.
# This output file may be truncated or incomplete.
#
#  Out of Memory Error (allocation.cpp:389), pid=27124, tid=0x00000000000022a0
#
# JRE version: OpenJDK Runtime Environment (8.0_242-b01) (build 1.8.0_242-release-1644-b01)
# Java VM: OpenJDK 64-Bit Server VM (25.242-b01 mixed mode windows-amd64 compressed oops)
# Failed to write core dump. Minidumps are not enabled by default on client versions of Windows
#

---------------  T H R E A D  ---------------

Current thread (0x0000000017d27800):  JavaThread "C2 CompilerThread1" daemon [_thread_in_native, id=8864, stack(0x00000000186f0000,0x00000000187f0000)]

Stack: [0x00000000186f0000,0x00000000187f0000]
[error occurred during error reporting (printing stack bounds), id 0xc0000005]

Native frames: (J=compiled Java code, j=interpreted, Vv=VM code, C=native code)


Current CompileTask:
C2:   1719 1629       4       java.net.URLClassLoader$1::run (5 bytes)


---------------  P R O C E S S  ---------------

Java Threads: ( => current thread )
  0x000000001add5800 JavaThread "Cache worker for file hash cache (C:\Users\Heramba\.gradle\caches\6.5\fileHashes)" [_thread_blocked, id=7204, stack(0x000000001cd50000,0x000000001ce50000)]
  0x000000001addb000 JavaThread "File lock request listener" [_thread_in_native, id=8936, stack(0x000000001c910000,0x000000001ca10000)]
  0x000000001ad19000 JavaThread "Cache worker for journal cache (C:\Users\Heramba\.gradle\caches\journal-1)" [_thread_blocked, id=10820, stack(0x000000001cc50000,0x000000001cd50000)]
  0x000000001a8d8800 JavaThread "Thread-9" [_thread_blocked, id=2544, stack(0x000000001c810000,0x000000001c910000)]
  0x000000001a7c5000 JavaThread "Stdin handler" [_thread_blocked, id=1476, stack(0x000000001c710000,0x000000001c810000)]
  0x000000001a8b5000 JavaThread "Asynchronous log dispatcher for DefaultDaemonConnection: socket connection from /127.0.0.1:65173 to /127.0.0.1:65174" [_thread_blocked, id=1948, stack(0x000000001c610000,0x000000001c710000)]
  0x000000001a7c3000 JavaThread "Daemon worker" [_thread_in_native, id=2372, stack(0x000000001c510000,0x000000001c610000)]
  0x000000001a7e6800 JavaThread "Cancel handler" [_thread_blocked, id=25184, stack(0x000000001c310000,0x000000001c410000)]
  0x000000001a84d000 JavaThread "Handler for socket connection from /127.0.0.1:65173 to /127.0.0.1:65174" [_thread_in_native, id=2616, stack(0x000000001c210000,0x000000001c310000)]
  0x000000001a956000 JavaThread "Daemon" [_thread_blocked, id=11856, stack(0x000000001c110000,0x000000001c210000)]
  0x000000001a7c0000 JavaThread "Daemon periodic checks" [_thread_blocked, id=13140, stack(0x000000001be10000,0x000000001bf10000)]
  0x000000001a7a5800 JavaThread "Incoming local TCP Connector on port 65173" [_thread_in_native, id=19200, stack(0x000000001bbd0000,0x000000001bcd0000)]
  0x000000001a6b0000 JavaThread "Daemon health stats" [_thread_blocked, id=11560, stack(0x000000001b590000,0x000000001b690000)]
  0x0000000017dae000 JavaThread "Service Thread" daemon [_thread_blocked, id=2572, stack(0x00000000189f0000,0x0000000018af0000)]
  0x0000000017d39000 JavaThread "C1 CompilerThread3" daemon [_thread_blocked, id=12092, stack(0x00000000188f0000,0x00000000189f0000)]
  0x0000000017d29000 JavaThread "C2 CompilerThread2" daemon [_thread_blocked, id=21744, stack(0x00000000187f0000,0x00000000188f0000)]
=>0x0000000017d27800 JavaThread "C2 CompilerThread1" daemon [_thread_in_native, id=8864, stack(0x00000000186f0000,0x00000000187f0000)]
  0x0000000017d24800 JavaThread "C2 CompilerThread0" daemon [_thread_in_native, id=3124, stack(0x00000000185f0000,0x00000000186f0000)]
  0x0000000017d23800 JavaThread "Attach Listener" daemon [_thread_blocked, id=24272, stack(0x00000000184f0000,0x00000000185f0000)]
  0x0000000017d22800 JavaThread "Signal Dispatcher" daemon [_thread_blocked, id=21572, stack(0x00000000183f0000,0x00000000184f0000)]
  0x0000000017d10800 JavaThread "Finalizer" daemon [_thread_blocked, id=19776, stack(0x00000000181f0000,0x00000000182f0000)]
  0x00000000032e8000 JavaThread "Reference Handler" daemon [_thread_blocked, id=20320, stack(0x00000000180f0000,0x00000000181f0000)]
  0x00000000033ee800 JavaThread "main" [_thread_blocked, id=26724, stack(0x0000000003080000,0x0000000003180000)]

Other Threads:
  0x0000000015f06000 VMThread [stack: 0x0000000017bf0000,0x0000000017cf0000] [id=11784]
  0x0000000017daf000 WatcherThread [stack: 0x0000000018af0000,0x0000000018bf0000] [id=10920]

VM state:not at safepoint (normal execution)

VM Mutex/Monitor currently owned by a thread: None

heap address: 0x00000000c0000000, size: 1024 MB, Compressed Oops mode: 32-bit
Narrow klass base: 0x0000000000000000, Narrow klass shift: 3
Compressed class space size: 1073741824 Address: 0x0000000100000000

Heap:
 PSYoungGen      total 75776K, used 54812K [0x00000000eab00000, 0x00000000eff80000, 0x0000000100000000)
  eden space 65024K, 70% used [0x00000000eab00000,0x00000000ed7e9820,0x00000000eea80000)
  from space 10752K, 82% used [0x00000000ef500000,0x00000000efd9d888,0x00000000eff80000)
  to   space 10752K, 0% used [0x00000000eea80000,0x00000000eea80000,0x00000000ef500000)
 ParOldGen       total 173568K, used 24K [0x00000000c0000000, 0x00000000ca980000, 0x00000000eab00000)
  object space 173568K, 0% used [0x00000000c0000000,0x00000000c0006000,0x00000000ca980000)
 Metaspace       used 18031K, capacity 18598K, committed 18816K, reserved 1064960K
  class space    used 2467K, capacity 2671K, committed 2688K, reserved 1048576K

Card table byte_map: [0x00000000127b0000,0x00000000129c0000] byte_map_base: 0x00000000121b0000

Marking Bits: (ParMarkBitMap*) 0x00000000744bf030
 Begin Bits: [0x0000000013320000, 0x0000000014320000)
 End Bits:   [0x0000000014320000, 0x0000000015320000)

Polling page: 0x0000000003180000

CodeCache: size=245760Kb used=5880Kb max_used=5894Kb free=239879Kb
 bounds [0x00000000033f0000, 0x00000000039c0000, 0x00000000123f0000]
 total_blobs=2137 nmethods=1734 adapters=316
 compilation: enabled

Compilation events (10 events):
Event: 1.681 Thread 0x0000000017d39000 nmethod 1738 0x00000000039aa1d0 code [0x00000000039aa340, 0x00000000039aa710]
Event: 1.684 Thread 0x0000000017d29000 nmethod 1705% 0x00000000039ae610 code [0x00000000039ae8e0, 0x00000000039afad0]
Event: 1.684 Thread 0x0000000017d29000 1707       4       com.google.common.base.CharMatcher::indexIn (48 bytes)
Event: 1.687 Thread 0x0000000017d29000 nmethod 1707 0x00000000039ab190 code [0x00000000039ab2e0, 0x00000000039ab558]
Event: 1.687 Thread 0x0000000017d29000 1706       4       java.util.ArrayList$SubList$1::hasNext (20 bytes)
Event: 1.687 Thread 0x0000000017d29000 nmethod 1706 0x00000000039aaf50 code [0x00000000039ab080, 0x00000000039ab118]
Event: 1.687 Thread 0x0000000017d29000 1731 %     4       com.google.common.io.LineBuffer::add @ 47 (204 bytes)
Event: 1.709 Thread 0x0000000017d29000 nmethod 1731% 0x00000000039b3c50 code [0x00000000039b3e20, 0x00000000039b50f8]
Event: 1.709 Thread 0x0000000017d29000 1739       4       java.lang.ReflectiveOperationException::<init> (7 bytes)
Event: 1.711 Thread 0x0000000017d29000 nmethod 1739 0x00000000039ac590 code [0x00000000039ac6e0, 0x00000000039aca48]

GC Heap History (4 events):
Event: 0.710 GC heap before
{Heap before GC invocations=1 (full 0):
 PSYoungGen      total 75776K, used 65024K [0x00000000eab00000, 0x00000000eff80000, 0x0000000100000000)
  eden space 65024K, 100% used [0x00000000eab00000,0x00000000eea80000,0x00000000eea80000)
  from space 10752K, 0% used [0x00000000ef500000,0x00000000ef500000,0x00000000eff80000)
  to   space 10752K, 0% used [0x00000000eea80000,0x00000000eea80000,0x00000000ef500000)
 ParOldGen       total 173568K, used 0K [0x00000000c0000000, 0x00000000ca980000, 0x00000000eab00000)
  object space 173568K, 0% used [0x00000000c0000000,0x00000000c0000000,0x00000000ca980000)
 Metaspace       used 7700K, capacity 7966K, committed 8320K, reserved 1056768K
  class space    used 941K, capacity 1037K, committed 1152K, reserved 1048576K
Event: 0.714 GC heap after
Heap after GC invocations=1 (full 0):
 PSYoungGen      total 75776K, used 5697K [0x00000000eab00000, 0x00000000eff80000, 0x0000000100000000)
  eden space 65024K, 0% used [0x00000000eab00000,0x00000000eab00000,0x00000000eea80000)
  from space 10752K, 52% used [0x00000000eea80000,0x00000000ef0107d0,0x00000000ef500000)
  to   space 10752K, 0% used [0x00000000ef500000,0x00000000ef500000,0x00000000eff80000)
 ParOldGen       total 173568K, used 16K [0x00000000c0000000, 0x00000000ca980000, 0x00000000eab00000)
  object space 173568K, 0% used [0x00000000c0000000,0x00000000c0004000,0x00000000ca980000)
 Metaspace       used 7700K, capacity 7966K, committed 8320K, reserved 1056768K
  class space    used 941K, capacity 1037K, committed 1152K, reserved 1048576K
}
Event: 1.443 GC heap before
{Heap before GC invocations=2 (full 0):
 PSYoungGen      total 75776K, used 70721K [0x00000000eab00000, 0x00000000eff80000, 0x0000000100000000)
  eden space 65024K, 100% used [0x00000000eab00000,0x00000000eea80000,0x00000000eea80000)
  from space 10752K, 52% used [0x00000000eea80000,0x00000000ef0107d0,0x00000000ef500000)
  to   space 10752K, 0% used [0x00000000ef500000,0x00000000ef500000,0x00000000eff80000)
 ParOldGen       total 173568K, used 16K [0x00000000c0000000, 0x00000000ca980000, 0x00000000eab00000)
  object space 173568K, 0% used [0x00000000c0000000,0x00000000c0004000,0x00000000ca980000)
 Metaspace       used 14026K, capacity 14512K, committed 14720K, reserved 1062912K
  class space    used 1924K, capacity 2056K, committed 2176K, reserved 1048576K
Event: 1.452 GC heap after
Heap after GC invocations=2 (full 0):
 PSYoungGen      total 75776K, used 8822K [0x00000000eab00000, 0x00000000eff80000, 0x0000000100000000)
  eden space 65024K, 0% used [0x00000000eab00000,0x00000000eab00000,0x00000000eea80000)
  from space 10752K, 82% used [0x00000000ef500000,0x00000000efd9d888,0x00000000eff80000)
  to   space 10752K, 0% used [0x00000000eea80000,0x00000000eea80000,0x00000000ef500000)
 ParOldGen       total 173568K, used 24K [0x00000000c0000000, 0x00000000ca980000, 0x00000000eab00000)
  object space 173568K, 0% used [0x00000000c0000000,0x00000000c0006000,0x00000000ca980000)
 Metaspace       used 14026K, capacity 14512K, committed 14720K, reserved 1062912K
  class space    used 1924K, capacity 2056K, committed 2176K, reserved 1048576K
}

Deoptimization events (10 events):
Event: 1.456 Thread 0x000000001a7c3000 Uncommon trap: reason=class_check action=maybe_recompile pc=0x00000000036fe2d8 method=java.util.regex.Matcher.match(II)Z @ 86
Event: 1.456 Thread 0x000000001a7c3000 Uncommon trap: reason=class_check action=maybe_recompile pc=0x00000000036fe2d8 method=java.util.regex.Matcher.match(II)Z @ 86
Event: 1.456 Thread 0x000000001a7c3000 Uncommon trap: reason=class_check action=maybe_recompile pc=0x000000000359a9cc method=java.util.regex.Matcher.match(II)Z @ 86
Event: 1.520 Thread 0x000000001a7c3000 Uncommon trap: reason=unstable_if action=reinterpret pc=0x000000000370239c method=java.io.File.getName()Ljava/lang/String; @ 16
Event: 1.623 Thread 0x000000001a7c3000 Uncommon trap: reason=unstable_if action=reinterpret pc=0x0000000003702bb0 method=java.util.LinkedHashMap.afterNodeInsertion(Z)V @ 1
Event: 1.624 Thread 0x000000001a7c3000 Uncommon trap: reason=unstable_if action=reinterpret pc=0x00000000036483bc method=java.util.HashMap.getNode(ILjava/lang/Object;)Ljava/util/HashMap$Node; @ 129
Event: 1.624 Thread 0x000000001a7c3000 Uncommon trap: reason=bimorphic action=maybe_recompile pc=0x00000000038d7420 method=java.util.HashMap.putVal(ILjava/lang/Object;Ljava/lang/Object;ZZ)Ljava/lang/Object; @ 203
Event: 1.626 Thread 0x000000001a7c3000 Uncommon trap: reason=unstable_if action=reinterpret pc=0x000000000364b210 method=java.util.HashMap.getNode(ILjava/lang/Object;)Ljava/util/HashMap$Node; @ 129
Event: 1.626 Thread 0x000000001a7c3000 Uncommon trap: reason=bimorphic action=maybe_recompile pc=0x00000000038d7420 method=java.util.HashMap.putVal(ILjava/lang/Object;Ljava/lang/Object;ZZ)Ljava/lang/Object; @ 203
Event: 1.702 Thread 0x000000001a7c3000 Uncommon trap: reason=unstable_if action=reinterpret pc=0x000000000394284c method=java.util.jar.Attributes$Name.isDigit(C)Z @ 3

Classes redefined (0 events):
No events

Internal exceptions (10 events):
Event: 1.281 Thread 0x000000001a84d000 Exception <a 'java/lang/NoSuchMethodError': <clinit>> (0x00000000ecfcf688) thrown at [C:\src\AOSP-openjdk-git\hotspot\src\share\vm\prims\jni.cpp, line 1615]
Event: 1.282 Thread 0x000000001a84d000 Exception <a 'java/lang/NoSuchMethodError': <clinit>> (0x00000000ecfe5a28) thrown at [C:\src\AOSP-openjdk-git\hotspot\src\share\vm\prims\jni.cpp, line 1615]
Event: 1.288 Thread 0x000000001a84d000 Exception <a 'java/lang/NoSuchMethodError': <clinit>> (0x00000000ed05f800) thrown at [C:\src\AOSP-openjdk-git\hotspot\src\share\vm\prims\jni.cpp, line 1615]
Event: 1.290 Thread 0x000000001a84d000 Exception <a 'java/lang/NoSuchMethodError': <clinit>> (0x00000000ed08ee88) thrown at [C:\src\AOSP-openjdk-git\hotspot\src\share\vm\prims\jni.cpp, line 1615]
Event: 1.292 Thread 0x000000001a84d000 Exception <a 'java/lang/NoSuchMethodError': <clinit>> (0x00000000ed0bd4a0) thrown at [C:\src\AOSP-openjdk-git\hotspot\src\share\vm\prims\jni.cpp, line 1615]
Event: 1.293 Thread 0x000000001a84d000 Exception <a 'java/lang/NoSuchMethodError': <clinit>> (0x00000000ed0c9918) thrown at [C:\src\AOSP-openjdk-git\hotspot\src\share\vm\prims\jni.cpp, line 1615]
Event: 1.538 Thread 0x000000001a7c3000 Exception <a 'java/lang/NoSuchMethodError': java.lang.Object.lambda$and$0(Ljava/util/function/Predicate;Ljava/lang/Object;)Z> (0x00000000eb73a5a0) thrown at [C:\src\AOSP-openjdk-git\hotspot\src\share\vm\interpreter\linkResolver.cpp, line 620]
Event: 1.541 Thread 0x000000001a7c3000 Exception <a 'java/lang/IncompatibleClassChangeError': Found class java.lang.Object, but interface was expected> (0x00000000eb74a898) thrown at [C:\src\AOSP-openjdk-git\hotspot\src\share\vm\interpreter\linkResolver.cpp, line 653]
Event: 1.542 Thread 0x000000001a7c3000 Exception <a 'java/lang/NoSuchMethodError': java.lang.Object.lambda$or$2(Ljava/util/function/Predicate;Ljava/lang/Object;)Z> (0x00000000eb74f3e8) thrown at [C:\src\AOSP-openjdk-git\hotspot\src\share\vm\interpreter\linkResolver.cpp, line 620]
Event: 1.648 Thread 0x000000001a7c3000 Exception <a 'java/lang/NoSuchMethodError': java.lang.Object.lambda$static$0(Lorg/gradle/internal/state/ModelObject;)Ljava/lang/String;> (0x00000000ecf3b288) thrown at [C:\src\AOSP-openjdk-git\hotspot\src\share\vm\interpreter\linkResolver.cpp, line 620]

Events (10 events):
Event: 1.717 loading class org/gradle/internal/reflect/PropertyDetails
Event: 1.717 loading class org/gradle/internal/reflect/PropertyDetails done
Event: 1.718 loading class org/gradle/internal/reflect/PropertyAccessorType
Event: 1.718 loading class org/gradle/internal/reflect/PropertyAccessorType done
Event: 1.718 loading class org/gradle/internal/reflect/PropertyAccessorType$1
Event: 1.718 loading class org/gradle/internal/reflect/PropertyAccessorType$1 done
Event: 1.718 loading class org/gradle/internal/reflect/PropertyAccessorType$2
Event: 1.718 loading class org/gradle/internal/reflect/PropertyAccessorType$2 done
Event: 1.718 loading class org/gradle/internal/reflect/PropertyAccessorType$3
Event: 1.718 loading class org/gradle/internal/reflect/PropertyAccessorType$3 done


Dynamic libraries:
0x00007ff631f60000 - 0x00007ff631f91000 	C:\Program Files\Android\Android Studio\jre\bin\java.exe
0x00007ffd5d5d0000 - 0x00007ffd5d7c5000 	C:\WINDOWS\SYSTEM32\ntdll.dll
0x00007ffd5c800000 - 0x00007ffd5c8bd000 	C:\WINDOWS\System32\KERNEL32.DLL
0x00007ffd5b050000 - 0x00007ffd5b318000 	C:\WINDOWS\System32\KERNELBASE.dll
0x00007ffd5d450000 - 0x00007ffd5d4fc000 	C:\WINDOWS\System32\ADVAPI32.dll
0x00007ffd5c920000 - 0x00007ffd5c9be000 	C:\WINDOWS\System32\msvcrt.dll
0x00007ffd5ce50000 - 0x00007ffd5ceeb000 	C:\WINDOWS\System32\sechost.dll
0x00007ffd5cb50000 - 0x00007ffd5cc7b000 	C:\WINDOWS\System32\RPCRT4.dll
0x00007ffd5d2b0000 - 0x00007ffd5d450000 	C:\WINDOWS\System32\USER32.dll
0x00007ffd5af70000 - 0x00007ffd5af92000 	C:\WINDOWS\System32\win32u.dll
0x00007ffd5c070000 - 0x00007ffd5c09a000 	C:\WINDOWS\System32\GDI32.dll
0x00007ffd5b520000 - 0x00007ffd5b62b000 	C:\WINDOWS\System32\gdi32full.dll
0x00007ffd5ae70000 - 0x00007ffd5af0d000 	C:\WINDOWS\System32\msvcp_win.dll
0x00007ffd5b320000 - 0x00007ffd5b420000 	C:\WINDOWS\System32\ucrtbase.dll
0x00007ffd4cdc0000 - 0x00007ffd4d05a000 	C:\WINDOWS\WinSxS\amd64_microsoft.windows.common-controls_6595b64144ccf1df_6.0.19041.844_none_ca00b6081b84eb1d\COMCTL32.dll
0x00007ffd5c7d0000 - 0x00007ffd5c800000 	C:\WINDOWS\System32\IMM32.DLL
0x00000000745c0000 - 0x0000000074692000 	C:\Program Files\Android\Android Studio\jre\jre\bin\msvcr100.dll
0x0000000073cf0000 - 0x000000007453b000 	C:\Program Files\Android\Android Studio\jre\jre\bin\server\jvm.dll
0x00007ffd5bf30000 - 0x00007ffd5bf38000 	C:\WINDOWS\System32\PSAPI.DLL
0x00007ffd4d210000 - 0x00007ffd4d237000 	C:\WINDOWS\SYSTEM32\WINMM.dll
0x00007ffd4d600000 - 0x00007ffd4d609000 	C:\WINDOWS\SYSTEM32\WSOCK32.dll
0x00007ffd54b20000 - 0x00007ffd54b2a000 	C:\WINDOWS\SYSTEM32\VERSION.dll
0x00007ffd5cc80000 - 0x00007ffd5cceb000 	C:\WINDOWS\System32\WS2_32.dll
0x00007ffd4d5f0000 - 0x00007ffd4d5ff000 	C:\Program Files\Android\Android Studio\jre\jre\bin\verify.dll
0x00007ffd4d5c0000 - 0x00007ffd4d5e9000 	C:\Program Files\Android\Android Studio\jre\jre\bin\java.dll
0x00007ffd4d5a0000 - 0x00007ffd4d5b6000 	C:\Program Files\Android\Android Studio\jre\jre\bin\zip.dll
0x00007ffd5b630000 - 0x00007ffd5bd72000 	C:\WINDOWS\System32\SHELL32.dll
0x00007ffd58d50000 - 0x00007ffd594e1000 	C:\WINDOWS\SYSTEM32\windows.storage.dll
0x00007ffd5cef0000 - 0x00007ffd5d245000 	C:\WINDOWS\System32\combase.dll
0x00007ffd5a780000 - 0x00007ffd5a7ac000 	C:\WINDOWS\SYSTEM32\Wldp.dll
0x00007ffd5caa0000 - 0x00007ffd5cb4e000 	C:\WINDOWS\System32\SHCORE.dll
0x00007ffd5d250000 - 0x00007ffd5d2a5000 	C:\WINDOWS\System32\shlwapi.dll
0x00007ffd5ac50000 - 0x00007ffd5ac6f000 	C:\WINDOWS\SYSTEM32\profapi.dll
0x00007ffd4d580000 - 0x00007ffd4d59a000 	C:\Program Files\Android\Android Studio\jre\jre\bin\net.dll
0x00007ffd5a4f0000 - 0x00007ffd5a55a000 	C:\WINDOWS\system32\mswsock.dll
0x00007ffd4d560000 - 0x00007ffd4d573000 	C:\Program Files\Android\Android Studio\jre\jre\bin\nio.dll
0x00007ffd26eb0000 - 0x00007ffd26ed7000 	C:\Users\Heramba\.gradle\native\f6784746aeab05261644944871eae4fe03e0ef1612fff0a4a95f87b438bc6780\windows-amd64\native-platform.dll
0x00007ffd4d550000 - 0x00007ffd4d55d000 	C:\Program Files\Android\Android Studio\jre\jre\bin\management.dll
0x00007ffd5a6c0000 - 0x00007ffd5a6d8000 	C:\WINDOWS\SYSTEM32\CRYPTSP.dll
0x00007ffd59e20000 - 0x00007ffd59e54000 	C:\WINDOWS\system32\rsaenh.dll
0x00007ffd5b420000 - 0x00007ffd5b447000 	C:\WINDOWS\System32\bcrypt.dll
0x00007ffd5abd0000 - 0x00007ffd5abfe000 	C:\WINDOWS\SYSTEM32\USERENV.dll
0x00007ffd5b450000 - 0x00007ffd5b4d0000 	C:\WINDOWS\System32\bcryptprimitives.dll
0x00007ffd5a6e0000 - 0x00007ffd5a6ec000 	C:\WINDOWS\SYSTEM32\CRYPTBASE.dll
0x00007ffd5a190000 - 0x00007ffd5a1cb000 	C:\WINDOWS\SYSTEM32\IPHLPAPI.DLL
0x00007ffd5c060000 - 0x00007ffd5c068000 	C:\WINDOWS\System32\NSI.dll
0x00007ffd54480000 - 0x00007ffd54497000 	C:\WINDOWS\SYSTEM32\dhcpcsvc6.DLL
0x00007ffd546b0000 - 0x00007ffd546cd000 	C:\WINDOWS\SYSTEM32\dhcpcsvc.DLL
0x00007ffd5a1d0000 - 0x00007ffd5a29c000 	C:\WINDOWS\SYSTEM32\DNSAPI.dll
0x00007ffd547f0000 - 0x00007ffd547fb000 	C:\WINDOWS\SYSTEM32\WINNSI.DLL

VM Arguments:
jvm_args: -Xmx1024m -Dfile.encoding=windows-1252 -Duser.country=IN -Duser.language=en -Duser.variant 
java_command: org.gradle.launcher.daemon.bootstrap.GradleDaemon 6.5
java_class_path (initial): C:\Users\Heramba\.gradle\wrapper\dists\gradle-6.5-all\2oz4ud9k3tuxjg84bbf55q0tn\gradle-6.5\lib\gradle-launcher-6.5.jar
Launcher Type: SUN_STANDARD

Environment Variables:
PATH=C:\Program Files\Common Files\Oracle\Java\javapath;C:\Windows\system32;C:\Windows;C:\Windows\System32\Wbem;C:\Windows\System32\WindowsPowerShell\v1.0\;C:\Windows\System32\OpenSSH\;C:\Program Files\NVIDIA Corporation\NVIDIA NGX;C:\Program Files (x86)\NVIDIA Corporation\PhysX\Common;C:\Program Files\NVIDIA Corporation\NVIDIA NvDLISR;C:\WINDOWS\system32;C:\WINDOWS;C:\WINDOWS\System32\Wbem;C:\WINDOWS\System32\WindowsPowerShell\v1.0\;C:\WINDOWS\System32\OpenSSH\;D:\Programme_folder\bin;D:\Programme folder\MATLAB\bin;C:\Program Files (x86)\IVI Foundation\VISA\WinNT\Bin\;C:\Program Files\IVI Foundation\VISA\Win64\Bin\;C:\Program Files (x86)\IVI Foundation\VISA\WinNT\Bin;D:\Programme folder\MinGW\bin;D:\Programme folder\Git\cmd;D:\Programme folder\Go\bin;C:\Users\Heramba\AppData\Local\Programs\Python\Python38-32\Scripts\;C:\Users\Heramba\AppData\Local\Programs\Python\Python38-32\;C:\Users\Heramba\AppData\Local\Microsoft\WindowsApps;C:\Users\Heramba\AppData\Local\atom\bin;D:\Programme folder\Microsoft VS Code\bin;C:\Users\Heramba\AppData\Local\Microsoft\WindowsApps;C:\Users\Heramba\go\bin
USERNAME=Heramba
OS=Windows_NT
PROCESSOR_IDENTIFIER=Intel64 Family 6 Model 158 Stepping 10, GenuineIntel



---------------  S Y S T E M  ---------------

OS: Windows 10.0 , 64 bit Build 19041 (10.0.19041.928)

CPU:total 8 (initial active 8) (4 cores per cpu, 2 threads per core) family 6 model 158 stepping 10, cmov, cx8, fxsr, mmx, sse, sse2, sse3, ssse3, sse4.1, sse4.2, popcnt, avx, avx2, aes, clmul, erms, 3dnowpref, lzcnt, ht, tsc, tscinvbit, bmi1, bmi2, adx

Memory: 4k page, physical 16613620k(802800k free), swap 47723888k(4684k free)

vm_info: OpenJDK 64-Bit Server VM (25.242-b01) for windows-amd64 JRE (1.8.0_242-release-1644-b01), built by "builder" with MS VC++ 10.0 (VS2010)

time: Mon Apr 19 18:46:30 2021
timezone: India Standard Time
elapsed time: 1 seconds (0d 0h 0m 1s)

