#
# There is insufficient memory for the Java Runtime Environment to continue.
# Native memory allocation (malloc) failed to allocate 32744 bytes for ChunkPool::allocate
# Possible reasons:
#   The system is out of physical RAM or swap space
#   The process is running with CompressedOops enabled, and the Java Heap may be blocking the growth of the native heap
# Possible solutions:
#   Reduce memory load on the system
#   Increase physical memory or swap space
#   Check if swap backing store is full
#   Decrease Java heap size (-Xmx/-Xms)
#   Decrease number of Java threads
#   Decrease Java thread stack sizes (-Xss)
#   Set larger code cache with -XX:ReservedCodeCacheSize=
#   JVM is running with Unscaled Compressed Oops mode in which the Java heap is
#     placed in the first 4GB address space. The Java Heap base address is the
#     maximum limit for the native heap growth. Please use -XX:HeapBaseMinAddress
#     to set the Java Heap base and to place the Java Heap above 4GB virtual address.
# This output file may be truncated or incomplete.
#
#  Out of Memory Error (allocation.cpp:272), pid=12352, tid=0x0000000000002638
#
# JRE version: OpenJDK Runtime Environment (8.0_242-b01) (build 1.8.0_242-release-1644-b01)
# Java VM: OpenJDK 64-Bit Server VM (25.242-b01 mixed mode windows-amd64 compressed oops)
# Failed to write core dump. Minidumps are not enabled by default on client versions of Windows
#

---------------  T H R E A D  ---------------

Current thread (0x0000000019dd9000):  JavaThread "C2 CompilerThread1" daemon [_thread_in_native, id=9784, stack(0x000000001a7b0000,0x000000001a8b0000)]

Stack: [0x000000001a7b0000,0x000000001a8b0000]
[error occurred during error reporting (printing stack bounds), id 0xc0000005]

Native frames: (J=compiled Java code, j=interpreted, Vv=VM code, C=native code)


Current CompileTask:
C2: 795878 30482       4       sun.reflect.annotation.AnnotationParser::parseAnnotations2 (135 bytes)


---------------  P R O C E S S  ---------------

Java Threads: ( => current thread )
  0x000000002175a800 JavaThread "Cache worker for execution history cache (D:\IDM\Compressed\FoodOrderApp\.gradle\7.0\executionHistory)" [_thread_blocked, id=3228, stack(0x0000000039f40000,0x000000003a040000)]
  0x0000000022104000 JavaThread "pool-17-thread-1" [_thread_blocked, id=18268, stack(0x000000002ed30000,0x000000002ee30000)]
  0x0000000024ae3000 JavaThread "Build operations Thread 8" [_thread_blocked, id=16768, stack(0x000000002da60000,0x000000002db60000)]
  0x0000000024ae1800 JavaThread "Build operations Thread 7" [_thread_blocked, id=10268, stack(0x000000002d960000,0x000000002da60000)]
  0x0000000024ae6000 JavaThread "Build operations Thread 6" [_thread_blocked, id=16364, stack(0x000000002d1f0000,0x000000002d2f0000)]
  0x0000000024ae4800 JavaThread "Build operations Thread 5" [_thread_blocked, id=15308, stack(0x000000002b3f0000,0x000000002b4f0000)]
  0x0000000024ada000 JavaThread "Build operations Thread 4" [_thread_blocked, id=11636, stack(0x000000002ad90000,0x000000002ae90000)]
  0x0000000024adf000 JavaThread "Build operations Thread 3" [_thread_blocked, id=588, stack(0x000000002a2f0000,0x000000002a3f0000)]
  0x0000000024add000 JavaThread "Build operations Thread 2" [_thread_blocked, id=17084, stack(0x0000000027820000,0x0000000027920000)]
  0x0000000024ae0800 JavaThread "Build operations" [_thread_blocked, id=20444, stack(0x0000000027720000,0x0000000027820000)]
  0x0000000024ade800 JavaThread "Cache worker for Build Output Cleanup Cache (D:\IDM\Compressed\FoodOrderApp\.gradle\buildOutputCleanup)" [_thread_blocked, id=19060, stack(0x0000000027620000,0x0000000027720000)]
  0x0000000024add800 JavaThread "Cache worker for dependencies-accessors (D:\IDM\Compressed\FoodOrderApp\.gradle\7.0\dependencies-accessors)" [_thread_blocked, id=18528, stack(0x0000000026b20000,0x0000000026c20000)]
  0x000000002030a000 JavaThread "Cache worker for cache directory md-rule (C:\Users\Heramba\.gradle\caches\7.0\md-rule)" [_thread_blocked, id=27008, stack(0x0000000025790000,0x0000000025890000)]
  0x0000000020308800 JavaThread "Cache worker for cache directory md-supplier (C:\Users\Heramba\.gradle\caches\7.0\md-supplier)" [_thread_blocked, id=26500, stack(0x00000000253a0000,0x00000000254a0000)]
  0x0000000020307800 JavaThread "Cache worker for checksums cache (D:\IDM\Compressed\FoodOrderApp\.gradle\checksums)" [_thread_blocked, id=26104, stack(0x00000000252a0000,0x00000000253a0000)]
  0x0000000020300000 JavaThread "Cache worker for file hash cache (D:\IDM\Compressed\FoodOrderApp\.gradle\7.0\fileHashes)" [_thread_blocked, id=7576, stack(0x00000000231d0000,0x00000000232d0000)]
  0x0000000020307000 JavaThread "Daemon client event forwarder" [_thread_blocked, id=13088, stack(0x00000000224d0000,0x00000000225d0000)]
  0x0000000020305800 JavaThread "Asynchronous log dispatcher for DefaultDaemonConnection: socket connection from /127.0.0.1:55272 to /127.0.0.1:55581" [_thread_blocked, id=17596, stack(0x000000001e3d0000,0x000000001e4d0000)]
  0x00000000202ff800 JavaThread "Cancel handler" [_thread_blocked, id=18168, stack(0x000000001e1d0000,0x000000001e2d0000)]
  0x00000000202fd000 JavaThread "Handler for socket connection from /127.0.0.1:55272 to /127.0.0.1:55581" [_thread_in_native, id=13384, stack(0x000000001e0d0000,0x000000001e1d0000)]
  0x0000000024ae5000 JavaThread "pool-16-thread-1" [_thread_blocked, id=26692, stack(0x0000000027520000,0x0000000027620000)]
  0x0000000024ae6800 JavaThread "MarlinRenderer Disposer" daemon [_thread_blocked, id=3264, stack(0x0000000030130000,0x0000000030230000)]
  0x0000000024ae8000 JavaThread "Java2D Disposer" daemon [_thread_blocked, id=14692, stack(0x0000000030030000,0x0000000030130000)]
  0x0000000022103000 JavaThread "pool-12-thread-1" [_thread_blocked, id=13032, stack(0x000000002d660000,0x000000002d760000)]
  0x0000000020304800 JavaThread "pool-9-thread-1" [_thread_blocked, id=27284, stack(0x000000002d360000,0x000000002d460000)]
  0x000000001af94800 JavaThread "pool-6-thread-1" [_thread_blocked, id=12772, stack(0x000000002aef0000,0x000000002aff0000)]
  0x0000000022106000 JavaThread "pool-3-thread-1" [_thread_blocked, id=27500, stack(0x000000001e5d0000,0x000000001e6d0000)]
  0x0000000022107800 JavaThread "Memory manager" [_thread_blocked, id=20008, stack(0x0000000001370000,0x0000000001470000)]
  0x000000001ae0b000 JavaThread "Cache worker for file content cache (C:\Users\Heramba\.gradle\caches\7.0\fileContent)" [_thread_blocked, id=3248, stack(0x00000000239d0000,0x0000000023ad0000)]
  0x000000001ae0d000 JavaThread "Cache worker for execution history cache (C:\Users\Heramba\.gradle\caches\7.0\executionHistory)" [_thread_blocked, id=25356, stack(0x00000000232d0000,0x00000000233d0000)]
  0x000000001ae10000 JavaThread "jar transforms Thread 8" [_thread_blocked, id=17328, stack(0x0000000022cd0000,0x0000000022dd0000)]
  0x000000001ae0e000 JavaThread "jar transforms Thread 7" [_thread_blocked, id=8000, stack(0x0000000022bd0000,0x0000000022cd0000)]
  0x000000001ae0e800 JavaThread "jar transforms Thread 6" [_thread_blocked, id=12108, stack(0x0000000022ad0000,0x0000000022bd0000)]
  0x000000001af96800 JavaThread "jar transforms Thread 5" [_thread_blocked, id=17816, stack(0x00000000229d0000,0x0000000022ad0000)]
  0x000000001af97800 JavaThread "jar transforms Thread 4" [_thread_blocked, id=10984, stack(0x00000000228d0000,0x00000000229d0000)]
  0x000000001af95000 JavaThread "jar transforms Thread 3" [_thread_blocked, id=13408, stack(0x00000000227d0000,0x00000000228d0000)]
  0x000000001af93000 JavaThread "jar transforms Thread 2" [_thread_blocked, id=20448, stack(0x0000000020f70000,0x0000000021070000)]
  0x000000001af90800 JavaThread "jar transforms" [_thread_blocked, id=15856, stack(0x0000000020e70000,0x0000000020f70000)]
  0x000000001af93800 JavaThread "File watcher consumer" daemon [_thread_blocked, id=26688, stack(0x00000000226d0000,0x00000000227d0000)]
  0x000000001af92000 JavaThread "File watcher server" daemon [_thread_in_native, id=2280, stack(0x00000000225d0000,0x00000000226d0000)]
  0x000000001af96000 JavaThread "Cache worker for journal cache (C:\Users\Heramba\.gradle\caches\journal-1)" [_thread_blocked, id=27232, stack(0x000000001edd0000,0x000000001eed0000)]
  0x000000001af91800 JavaThread "File lock request listener" [_thread_in_native, id=5240, stack(0x000000001ead0000,0x000000001ebd0000)]
  0x000000001ce02000 JavaThread "Cache worker for file hash cache (C:\Users\Heramba\.gradle\caches\7.0\fileHashes)" [_thread_blocked, id=26700, stack(0x000000001e9d0000,0x000000001ead0000)]
  0x000000001cc25000 JavaThread "Daemon worker" [_thread_in_vm, id=11060, stack(0x000000001e2d0000,0x000000001e3d0000)]
  0x000000001bd82000 JavaThread "Daemon" [_thread_blocked, id=11444, stack(0x000000001dfd0000,0x000000001e0d0000)]
  0x000000001cc29000 JavaThread "Daemon periodic checks" [_thread_blocked, id=27244, stack(0x000000001dcd0000,0x000000001ddd0000)]
  0x000000001cab9000 JavaThread "Incoming local TCP Connector on port 55272" [_thread_in_native, id=10176, stack(0x000000001da90000,0x000000001db90000)]
  0x000000001cb63000 JavaThread "Daemon health stats" [_thread_blocked, id=27368, stack(0x000000001d650000,0x000000001d750000)]
  0x0000000019e6b000 JavaThread "Service Thread" daemon [_thread_blocked, id=11768, stack(0x000000001aab0000,0x000000001abb0000)]
  0x0000000019de5000 JavaThread "C1 CompilerThread3" daemon [_thread_blocked, id=25140, stack(0x000000001a9b0000,0x000000001aab0000)]
  0x0000000019dde800 JavaThread "C2 CompilerThread2" daemon [_thread_in_native, id=24464, stack(0x000000001a8b0000,0x000000001a9b0000)]
=>0x0000000019dd9000 JavaThread "C2 CompilerThread1" daemon [_thread_in_native, id=9784, stack(0x000000001a7b0000,0x000000001a8b0000)]
  0x0000000019dd2000 JavaThread "C2 CompilerThread0" daemon [_thread_blocked, id=21520, stack(0x000000001a6b0000,0x000000001a7b0000)]
  0x0000000019dd0000 JavaThread "Attach Listener" daemon [_thread_blocked, id=27364, stack(0x000000001a5b0000,0x000000001a6b0000)]
  0x0000000019dcf000 JavaThread "Signal Dispatcher" daemon [_thread_blocked, id=26764, stack(0x000000001a4b0000,0x000000001a5b0000)]
  0x0000000019dc1800 JavaThread "Finalizer" daemon [_thread_blocked, id=27032, stack(0x000000001a2a0000,0x000000001a3a0000)]
  0x0000000017fbc800 JavaThread "Reference Handler" daemon [_thread_blocked, id=22180, stack(0x000000001a1a0000,0x000000001a2a0000)]
  0x0000000002dde800 JavaThread "main" [_thread_blocked, id=16176, stack(0x0000000002cd0000,0x0000000002dd0000)]

Other Threads:
  0x0000000017fb6000 VMThread [stack: 0x0000000019ca0000,0x0000000019da0000] [id=9968]
  0x0000000019e6c000 WatcherThread [stack: 0x000000001abb0000,0x000000001acb0000] [id=26968]

VM state:not at safepoint (normal execution)

VM Mutex/Monitor currently owned by a thread: None

heap address: 0x0000000080000000, size: 2048 MB, Compressed Oops mode: 32-bit
Narrow klass base: 0x0000000000000000, Narrow klass shift: 3
Compressed class space size: 1073741824 Address: 0x0000000100000000

Heap:
 PSYoungGen      total 674304K, used 138432K [0x00000000d5580000, 0x00000000fff80000, 0x0000000100000000)
  eden space 652800K, 21% used [0x00000000d5580000,0x00000000ddcb02f8,0x00000000fd300000)
  from space 21504K, 0% used [0x00000000fe880000,0x00000000fe880000,0x00000000ffd80000)
  to   space 22016K, 0% used [0x00000000fd300000,0x00000000fd300000,0x00000000fe880000)
 ParOldGen       total 350720K, used 152655K [0x0000000080000000, 0x0000000095680000, 0x00000000d5580000)
  object space 350720K, 43% used [0x0000000080000000,0x0000000089513e80,0x0000000095680000)
 Metaspace       used 162780K, capacity 171506K, committed 171776K, reserved 1198080K
  class space    used 20881K, capacity 22439K, committed 22528K, reserved 1048576K

Card table byte_map: [0x00000000122e0000,0x00000000126f0000] byte_map_base: 0x0000000011ee0000

Marking Bits: (ParMarkBitMap*) 0x000000006647f030
 Begin Bits: [0x00000000131a0000, 0x00000000151a0000)
 End Bits:   [0x00000000151a0000, 0x00000000171a0000)

Polling page: 0x0000000002de0000

CodeCache: size=245760Kb used=84469Kb max_used=84648Kb free=161290Kb
 bounds [0x0000000002f20000, 0x0000000008230000, 0x0000000011f20000]
 total_blobs=24466 nmethods=23395 adapters=980
 compilation: enabled

Compilation events (10 events):
Event: 795.856 Thread 0x0000000019de5000 nmethod 30476 0x00000000048c3c10 code [0x00000000048c3da0, 0x00000000048c4098]
Event: 795.856 Thread 0x0000000019de5000 30477       3       com.google.common.base.Preconditions::checkPositionIndex (25 bytes)
Event: 795.856 Thread 0x0000000019de5000 nmethod 30477 0x00000000048c3710 code [0x00000000048c3880, 0x00000000048c3b18]
Event: 795.866 Thread 0x0000000019de5000 30478       3       com.android.build.api.variant.impl.ApplicationVariantPropertiesImpl_Decorated::getArtifacts (39 bytes)
Event: 795.867 Thread 0x0000000019de5000 nmethod 30478 0x00000000080d7110 code [0x00000000080d72e0, 0x00000000080d79c8]
Event: 795.868 Thread 0x0000000019de5000 30479       3       com.android.build.api.component.impl.ComponentPropertiesImpl::getName (10 bytes)
Event: 795.868 Thread 0x0000000019de5000 nmethod 30479 0x0000000004c9b390 code [0x0000000004c9b500, 0x0000000004c9b728]
Event: 795.868 Thread 0x0000000019dde800 30480 %     4       org.gradle.internal.reflect.ClassInspector::inspectClass @ 11 (179 bytes)
Event: 795.870 Thread 0x0000000019dd2000 30481       4       sun.reflect.generics.parser.SignatureParser::parseZeroOrMoreTypeSignatures (174 bytes)
Event: 795.874 Thread 0x0000000019dd9000 30482       4       sun.reflect.annotation.AnnotationParser::parseAnnotations2 (135 bytes)

GC Heap History (10 events):
Event: 741.355 GC heap before
{Heap before GC invocations=83 (full 4):
 PSYoungGen      total 667648K, used 642976K [0x00000000d5580000, 0x00000000ffb80000, 0x0000000100000000)
  eden space 642048K, 100% used [0x00000000d5580000,0x00000000fc880000,0x00000000fc880000)
  from space 25600K, 3% used [0x00000000fe280000,0x00000000fe368010,0x00000000ffb80000)
  to   space 26112K, 0% used [0x00000000fc880000,0x00000000fc880000,0x00000000fe200000)
 ParOldGen       total 350720K, used 310108K [0x0000000080000000, 0x0000000095680000, 0x00000000d5580000)
  object space 350720K, 88% used [0x0000000080000000,0x0000000092ed7008,0x0000000095680000)
 Metaspace       used 149976K, capacity 158260K, committed 158336K, reserved 1187840K
  class space    used 19092K, capacity 20568K, committed 20608K, reserved 1048576K
Event: 741.359 GC heap after
Heap after GC invocations=83 (full 4):
 PSYoungGen      total 668160K, used 928K [0x00000000d5580000, 0x00000000ffd80000, 0x0000000100000000)
  eden space 642048K, 0% used [0x00000000d5580000,0x00000000d5580000,0x00000000fc880000)
  from space 26112K, 3% used [0x00000000fc880000,0x00000000fc968000,0x00000000fe200000)
  to   space 24576K, 0% used [0x00000000fe580000,0x00000000fe580000,0x00000000ffd80000)
 ParOldGen       total 350720K, used 310876K [0x0000000080000000, 0x0000000095680000, 0x00000000d5580000)
  object space 350720K, 88% used [0x0000000080000000,0x0000000092f97018,0x0000000095680000)
 Metaspace       used 149976K, capacity 158260K, committed 158336K, reserved 1187840K
  class space    used 19092K, capacity 20568K, committed 20608K, reserved 1048576K
}
Event: 741.701 GC heap before
{Heap before GC invocations=84 (full 4):
 PSYoungGen      total 668160K, used 642976K [0x00000000d5580000, 0x00000000ffd80000, 0x0000000100000000)
  eden space 642048K, 100% used [0x00000000d5580000,0x00000000fc880000,0x00000000fc880000)
  from space 26112K, 3% used [0x00000000fc880000,0x00000000fc968000,0x00000000fe200000)
  to   space 24576K, 0% used [0x00000000fe580000,0x00000000fe580000,0x00000000ffd80000)
 ParOldGen       total 350720K, used 310876K [0x0000000080000000, 0x0000000095680000, 0x00000000d5580000)
  object space 350720K, 88% used [0x0000000080000000,0x0000000092f97018,0x0000000095680000)
 Metaspace       used 149976K, capacity 158260K, committed 158336K, reserved 1187840K
  class space    used 19092K, capacity 20568K, committed 20608K, reserved 1048576K
Event: 741.705 GC heap after
Heap after GC invocations=84 (full 4):
 PSYoungGen      total 670720K, used 914K [0x00000000d5580000, 0x00000000ffb80000, 0x0000000100000000)
  eden space 648192K, 0% used [0x00000000d5580000,0x00000000d5580000,0x00000000fce80000)
  from space 22528K, 4% used [0x00000000fe580000,0x00000000fe6648a8,0x00000000ffb80000)
  to   space 23040K, 0% used [0x00000000fce80000,0x00000000fce80000,0x00000000fe500000)
 ParOldGen       total 350720K, used 311652K [0x0000000080000000, 0x0000000095680000, 0x00000000d5580000)
  object space 350720K, 88% used [0x0000000080000000,0x0000000093059018,0x0000000095680000)
 Metaspace       used 149976K, capacity 158260K, committed 158336K, reserved 1187840K
  class space    used 19092K, capacity 20568K, committed 20608K, reserved 1048576K
}
Event: 743.614 GC heap before
{Heap before GC invocations=85 (full 4):
 PSYoungGen      total 670720K, used 649106K [0x00000000d5580000, 0x00000000ffb80000, 0x0000000100000000)
  eden space 648192K, 100% used [0x00000000d5580000,0x00000000fce80000,0x00000000fce80000)
  from space 22528K, 4% used [0x00000000fe580000,0x00000000fe6648a8,0x00000000ffb80000)
  to   space 23040K, 0% used [0x00000000fce80000,0x00000000fce80000,0x00000000fe500000)
 ParOldGen       total 350720K, used 311652K [0x0000000080000000, 0x0000000095680000, 0x00000000d5580000)
  object space 350720K, 88% used [0x0000000080000000,0x0000000093059018,0x0000000095680000)
 Metaspace       used 149976K, capacity 158260K, committed 158336K, reserved 1187840K
  class space    used 19092K, capacity 20568K, committed 20608K, reserved 1048576K
Event: 743.618 GC heap after
Heap after GC invocations=85 (full 4):
 PSYoungGen      total 671232K, used 544K [0x00000000d5580000, 0x00000000ffd80000, 0x0000000100000000)
  eden space 648192K, 0% used [0x00000000d5580000,0x00000000d5580000,0x00000000fce80000)
  from space 23040K, 2% used [0x00000000fce80000,0x00000000fcf08000,0x00000000fe500000)
  to   space 21504K, 0% used [0x00000000fe880000,0x00000000fe880000,0x00000000ffd80000)
 ParOldGen       total 350720K, used 311956K [0x0000000080000000, 0x0000000095680000, 0x00000000d5580000)
  object space 350720K, 88% used [0x0000000080000000,0x00000000930a5018,0x0000000095680000)
 Metaspace       used 149976K, capacity 158260K, committed 158336K, reserved 1187840K
  class space    used 19092K, capacity 20568K, committed 20608K, reserved 1048576K
}
Event: 744.207 GC heap before
{Heap before GC invocations=86 (full 4):
 PSYoungGen      total 671232K, used 100530K [0x00000000d5580000, 0x00000000ffd80000, 0x0000000100000000)
  eden space 648192K, 15% used [0x00000000d5580000,0x00000000db7248a8,0x00000000fce80000)
  from space 23040K, 2% used [0x00000000fce80000,0x00000000fcf08000,0x00000000fe500000)
  to   space 21504K, 0% used [0x00000000fe880000,0x00000000fe880000,0x00000000ffd80000)
 ParOldGen       total 350720K, used 311956K [0x0000000080000000, 0x0000000095680000, 0x00000000d5580000)
  object space 350720K, 88% used [0x0000000080000000,0x00000000930a5018,0x0000000095680000)
 Metaspace       used 155612K, capacity 164020K, committed 164224K, reserved 1191936K
  class space    used 19789K, capacity 21282K, committed 21376K, reserved 1048576K
Event: 744.213 GC heap after
Heap after GC invocations=86 (full 4):
 PSYoungGen      total 674304K, used 9654K [0x00000000d5580000, 0x00000000fff80000, 0x0000000100000000)
  eden space 652800K, 0% used [0x00000000d5580000,0x00000000d5580000,0x00000000fd300000)
  from space 21504K, 44% used [0x00000000fe880000,0x00000000ff1ed928,0x00000000ffd80000)
  to   space 22016K, 0% used [0x00000000fd300000,0x00000000fd300000,0x00000000fe880000)
 ParOldGen       total 350720K, used 312196K [0x0000000080000000, 0x0000000095680000, 0x00000000d5580000)
  object space 350720K, 89% used [0x0000000080000000,0x00000000930e1028,0x0000000095680000)
 Metaspace       used 155612K, capacity 164020K, committed 164224K, reserved 1191936K
  class space    used 19789K, capacity 21282K, committed 21376K, reserved 1048576K
}
Event: 744.213 GC heap before
{Heap before GC invocations=87 (full 5):
 PSYoungGen      total 674304K, used 9654K [0x00000000d5580000, 0x00000000fff80000, 0x0000000100000000)
  eden space 652800K, 0% used [0x00000000d5580000,0x00000000d5580000,0x00000000fd300000)
  from space 21504K, 44% used [0x00000000fe880000,0x00000000ff1ed928,0x00000000ffd80000)
  to   space 22016K, 0% used [0x00000000fd300000,0x00000000fd300000,0x00000000fe880000)
 ParOldGen       total 350720K, used 312196K [0x0000000080000000, 0x0000000095680000, 0x00000000d5580000)
  object space 350720K, 89% used [0x0000000080000000,0x00000000930e1028,0x0000000095680000)
 Metaspace       used 155612K, capacity 164020K, committed 164224K, reserved 1191936K
  class space    used 19789K, capacity 21282K, committed 21376K, reserved 1048576K
Event: 744.632 GC heap after
Heap after GC invocations=87 (full 5):
 PSYoungGen      total 674304K, used 0K [0x00000000d5580000, 0x00000000fff80000, 0x0000000100000000)
  eden space 652800K, 0% used [0x00000000d5580000,0x00000000d5580000,0x00000000fd300000)
  from space 21504K, 0% used [0x00000000fe880000,0x00000000fe880000,0x00000000ffd80000)
  to   space 22016K, 0% used [0x00000000fd300000,0x00000000fd300000,0x00000000fe880000)
 ParOldGen       total 350720K, used 152655K [0x0000000080000000, 0x0000000095680000, 0x00000000d5580000)
  object space 350720K, 43% used [0x0000000080000000,0x0000000089513e80,0x0000000095680000)
 Metaspace       used 155467K, capacity 163666K, committed 164224K, reserved 1191936K
  class space    used 19737K, capacity 21179K, committed 21376K, reserved 1048576K
}

Deoptimization events (10 events):
Event: 744.800 Thread 0x000000001cc25000 Uncommon trap: reason=class_check action=maybe_recompile pc=0x0000000004160974 method=com.sun.org.apache.xerces.internal.impl.XMLDocumentFragmentScannerImpl.scanStartElement()Z @ 378
Event: 744.800 Thread 0x000000001cc25000 Uncommon trap: reason=class_check action=maybe_recompile pc=0x0000000004160974 method=com.sun.org.apache.xerces.internal.impl.XMLDocumentFragmentScannerImpl.scanStartElement()Z @ 378
Event: 744.800 Thread 0x000000001cc25000 Uncommon trap: reason=class_check action=maybe_recompile pc=0x0000000004160974 method=com.sun.org.apache.xerces.internal.impl.XMLDocumentFragmentScannerImpl.scanStartElement()Z @ 378
Event: 744.800 Thread 0x000000001cc25000 Uncommon trap: reason=class_check action=maybe_recompile pc=0x0000000004160974 method=com.sun.org.apache.xerces.internal.impl.XMLDocumentFragmentScannerImpl.scanStartElement()Z @ 378
Event: 744.801 Thread 0x000000001cc25000 Uncommon trap: reason=class_check action=maybe_recompile pc=0x00000000039aa620 method=com.sun.org.apache.xerces.internal.impl.XMLDocumentFragmentScannerImpl.scanDocument(Z)Z @ 117
Event: 744.802 Thread 0x000000001cc25000 Uncommon trap: reason=null_check action=make_not_entrant pc=0x00000000043f34ac method=com.sun.org.apache.xerces.internal.dom.ElementImpl.getDefaultAttributes()Lcom/sun/org/apache/xerces/internal/dom/NamedNodeMapImpl; @ 7
Event: 744.802 Thread 0x000000001cc25000 Uncommon trap: reason=unstable_if action=reinterpret pc=0x000000000410b10c method=com.sun.org.apache.xerces.internal.dom.NamedNodeMapImpl.findNamePoint(Ljava/lang/String;I)I @ 69
Event: 744.802 Thread 0x000000001cc25000 Uncommon trap: reason=unstable_if action=reinterpret pc=0x00000000040a6f6c method=com.sun.org.apache.xerces.internal.dom.DeferredDocumentImpl.getPrevSibling(IZ)I @ 2
Event: 744.802 Thread 0x000000001cc25000 Uncommon trap: reason=unstable_if action=reinterpret pc=0x000000000410b8ec method=com.sun.org.apache.xerces.internal.dom.DeferredDocumentImpl.getPrevSibling(IZ)I @ 2
Event: 745.212 Thread 0x000000001cc25000 Uncommon trap: reason=null_check action=make_not_entrant pc=0x0000000005e67598 method=org.gradle.api.internal.collections.CollectionFilter.filter(Ljava/lang/Object;)Ljava/lang/Object; @ 5

Classes redefined (0 events):
No events

Internal exceptions (10 events):
Event: 745.202 Thread 0x000000001cc25000 Exception <a 'java/lang/ClassNotFoundException': com/android/build/gradle/internal/api/BaseVariantOutputImplCustomizer> (0x00000000d9ead9d8) thrown at [C:\src\AOSP-openjdk-git\hotspot\src\share\vm\classfile\systemDictionary.cpp, line 210]
Event: 745.203 Thread 0x000000001cc25000 Exception <a 'java/lang/ClassNotFoundException': com/android/build/gradle/internal/api/ApkVariantOutputImplCustomizer> (0x00000000d9ee9e20) thrown at [C:\src\AOSP-openjdk-git\hotspot\src\share\vm\classfile\systemDictionary.cpp, line 210]
Event: 745.203 Thread 0x000000001cc25000 Exception <a 'java/lang/ClassNotFoundException': com/android/build/gradle/internal/api/ApkVariantOutputImpl_DecoratedCustomizer> (0x00000000d9f21f50) thrown at [C:\src\AOSP-openjdk-git\hotspot\src\share\vm\classfile\systemDictionary.cpp, line 210]
Event: 745.212 Thread 0x000000001cc25000 Implicit null exception at 0x0000000005e6742a to 0x0000000005e67585
Event: 783.343 Thread 0x000000001cc25000 Exception <a 'java/net/SocketTimeoutException': Read timed out> (0x00000000dbc9d220) thrown at [C:\src\AOSP-openjdk-git\hotspot\src\share\vm\prims\jni.cpp, line 737]
Event: 791.691 Thread 0x000000001cc25000 Exception <a 'java/net/SocketTimeoutException': Read timed out> (0x00000000dbfdd920) thrown at [C:\src\AOSP-openjdk-git\hotspot\src\share\vm\prims\jni.cpp, line 737]
Event: 795.776 Thread 0x000000001cc25000 Exception <a 'java/lang/ClassNotFoundException': com/android/build/gradle/tasks/factory/AndroidUnitTest_DecoratedBeanInfo> (0x00000000dc977450) thrown at [C:\src\AOSP-openjdk-git\hotspot\src\share\vm\classfile\systemDictionary.cpp, line 210]
Event: 795.777 Thread 0x000000001cc25000 Exception <a 'java/lang/ClassNotFoundException': com/android/build/gradle/tasks/factory/AndroidUnitTestBeanInfo> (0x00000000dc996660) thrown at [C:\src\AOSP-openjdk-git\hotspot\src\share\vm\classfile\systemDictionary.cpp, line 210]
Event: 795.777 Thread 0x000000001cc25000 Exception <a 'java/lang/ClassNotFoundException': com/android/build/gradle/tasks/factory/AndroidUnitTestCustomizer> (0x00000000dc9b65e0) thrown at [C:\src\AOSP-openjdk-git\hotspot\src\share\vm\classfile\systemDictionary.cpp, line 210]
Event: 795.778 Thread 0x000000001cc25000 Exception <a 'java/lang/ClassNotFoundException': com/android/build/gradle/tasks/factory/AndroidUnitTest_DecoratedCustomizer> (0x00000000dc9ff2f8) thrown at [C:\src\AOSP-openjdk-git\hotspot\src\share\vm\classfile\systemDictionary.cpp, line 210]

Events (10 events):
Event: 795.858 loading class com/android/build/gradle/internal/scope/InternalArtifactType$ANNOTATIONS_PROGUARD
Event: 795.858 loading class com/android/build/gradle/internal/scope/InternalArtifactType$ANNOTATIONS_PROGUARD done
Event: 795.858 loading class com/android/build/gradle/internal/scope/InternalArtifactType$ABI_PACKAGED_SPLIT
Event: 795.858 loading class com/android/build/gradle/internal/scope/InternalArtifactType$ABI_PACKAGED_SPLIT done
Event: 795.858 loading class com/android/build/gradle/internal/scope/InternalArtifactType$FULL_APK
Event: 795.858 loading class com/android/build/gradle/internal/scope/InternalArtifactType$FULL_APK done
Event: 795.859 loading class com/android/build/gradle/internal/scope/InternalArtifactType$INSTANTAPP_BUNDLE
Event: 795.859 loading class com/android/build/gradle/internal/scope/InternalArtifactType$INSTANTAPP_BUNDLE done
Event: 795.859 loading class com/android/build/gradle/internal/scope/InternalArtifactType$APK_LIST
Event: 795.859 loading class com/android/build/gradle/internal/scope/InternalArtifactType$APK_LIST done


Dynamic libraries:
0x00007ff727070000 - 0x00007ff7270a1000 	C:\Program Files\Android\Android Studio\jre\bin\java.exe
0x00007ffd06d90000 - 0x00007ffd06f85000 	C:\WINDOWS\SYSTEM32\ntdll.dll
0x00007ffd05a30000 - 0x00007ffd05aed000 	C:\WINDOWS\System32\KERNEL32.DLL
0x00007ffd049f0000 - 0x00007ffd04cb8000 	C:\WINDOWS\System32\KERNELBASE.dll
0x00007ffd057a0000 - 0x00007ffd0584c000 	C:\WINDOWS\System32\ADVAPI32.dll
0x00007ffd06630000 - 0x00007ffd066ce000 	C:\WINDOWS\System32\msvcrt.dll
0x00007ffd058b0000 - 0x00007ffd0594b000 	C:\WINDOWS\System32\sechost.dll
0x00007ffd05310000 - 0x00007ffd0543b000 	C:\WINDOWS\System32\RPCRT4.dll
0x00007ffd05ba0000 - 0x00007ffd05d40000 	C:\WINDOWS\System32\USER32.dll
0x00007ffd046e0000 - 0x00007ffd04702000 	C:\WINDOWS\System32\win32u.dll
0x00007ffd06d10000 - 0x00007ffd06d3a000 	C:\WINDOWS\System32\GDI32.dll
0x00007ffd04740000 - 0x00007ffd0484b000 	C:\WINDOWS\System32\gdi32full.dll
0x00007ffd04850000 - 0x00007ffd048ed000 	C:\WINDOWS\System32\msvcp_win.dll
0x00007ffd048f0000 - 0x00007ffd049f0000 	C:\WINDOWS\System32\ucrtbase.dll
0x00007ffcf00f0000 - 0x00007ffcf038a000 	C:\WINDOWS\WinSxS\amd64_microsoft.windows.common-controls_6595b64144ccf1df_6.0.19041.844_none_ca00b6081b84eb1d\COMCTL32.dll
0x00007ffd05af0000 - 0x00007ffd05b20000 	C:\WINDOWS\System32\IMM32.DLL
0x0000000066840000 - 0x0000000066912000 	C:\Program Files\Android\Android Studio\jre\jre\bin\msvcr100.dll
0x0000000065cb0000 - 0x00000000664fb000 	C:\Program Files\Android\Android Studio\jre\jre\bin\server\jvm.dll
0x00007ffd06d40000 - 0x00007ffd06d48000 	C:\WINDOWS\System32\PSAPI.DLL
0x00007ffcfec70000 - 0x00007ffcfec7a000 	C:\WINDOWS\SYSTEM32\VERSION.dll
0x00007ffcf1430000 - 0x00007ffcf1457000 	C:\WINDOWS\SYSTEM32\WINMM.dll
0x00007ffd01960000 - 0x00007ffd01969000 	C:\WINDOWS\SYSTEM32\WSOCK32.dll
0x00007ffd06560000 - 0x00007ffd065cb000 	C:\WINDOWS\System32\WS2_32.dll
0x00007ffcffaf0000 - 0x00007ffcffaff000 	C:\Program Files\Android\Android Studio\jre\jre\bin\verify.dll
0x00007ffcff460000 - 0x00007ffcff489000 	C:\Program Files\Android\Android Studio\jre\jre\bin\java.dll
0x00007ffcf4e80000 - 0x00007ffcf4e96000 	C:\Program Files\Android\Android Studio\jre\jre\bin\zip.dll
0x00007ffd05e10000 - 0x00007ffd06552000 	C:\WINDOWS\System32\SHELL32.dll
0x00007ffd02610000 - 0x00007ffd02da1000 	C:\WINDOWS\SYSTEM32\windows.storage.dll
0x00007ffd066d0000 - 0x00007ffd06a25000 	C:\WINDOWS\System32\combase.dll
0x00007ffd03f40000 - 0x00007ffd03f6c000 	C:\WINDOWS\SYSTEM32\Wldp.dll
0x00007ffd04df0000 - 0x00007ffd04e9e000 	C:\WINDOWS\System32\SHCORE.dll
0x00007ffd06b60000 - 0x00007ffd06bb5000 	C:\WINDOWS\System32\shlwapi.dll
0x00007ffd04410000 - 0x00007ffd0442f000 	C:\WINDOWS\SYSTEM32\profapi.dll
0x00007ffcf4e60000 - 0x00007ffcf4e7a000 	C:\Program Files\Android\Android Studio\jre\jre\bin\net.dll
0x00007ffd03cb0000 - 0x00007ffd03d1a000 	C:\WINDOWS\system32\mswsock.dll
0x00007ffcf4e40000 - 0x00007ffcf4e53000 	C:\Program Files\Android\Android Studio\jre\jre\bin\nio.dll
0x00007ffcf59d0000 - 0x00007ffcf59f7000 	C:\Users\Heramba\.gradle\native\49d0259a56938c7f99b2704e745ce422c4f750a7a20b539a32ccef96729676b1\windows-amd64\native-platform.dll
0x00007ffcf5730000 - 0x00007ffcf58c6000 	C:\Users\Heramba\.gradle\native\12488b8bf47d2d4c9fbf2f6322a914ad602e24e48041cd04a747c6da556b65c4\windows-amd64\native-platform-file-events.dll
0x00007ffcf4e30000 - 0x00007ffcf4e3d000 	C:\Program Files\Android\Android Studio\jre\jre\bin\management.dll
0x00007ffd03e80000 - 0x00007ffd03e98000 	C:\WINDOWS\SYSTEM32\CRYPTSP.dll
0x00007ffd035e0000 - 0x00007ffd03614000 	C:\WINDOWS\system32\rsaenh.dll
0x00007ffd04710000 - 0x00007ffd04737000 	C:\WINDOWS\System32\bcrypt.dll
0x00007ffd04390000 - 0x00007ffd043be000 	C:\WINDOWS\SYSTEM32\USERENV.dll
0x00007ffd04d20000 - 0x00007ffd04da0000 	C:\WINDOWS\System32\bcryptprimitives.dll
0x00007ffd03ea0000 - 0x00007ffd03eac000 	C:\WINDOWS\SYSTEM32\CRYPTBASE.dll
0x00007ffd03950000 - 0x00007ffd0398b000 	C:\WINDOWS\SYSTEM32\IPHLPAPI.DLL
0x00007ffd06bc0000 - 0x00007ffd06bc8000 	C:\WINDOWS\System32\NSI.dll
0x00007ffcfc870000 - 0x00007ffcfc887000 	C:\WINDOWS\SYSTEM32\dhcpcsvc6.DLL
0x00007ffcfdb20000 - 0x00007ffcfdb3d000 	C:\WINDOWS\SYSTEM32\dhcpcsvc.DLL
0x00007ffd03990000 - 0x00007ffd03a5c000 	C:\WINDOWS\SYSTEM32\DNSAPI.dll
0x00007ffcf49e0000 - 0x00007ffcf4a04000 	C:\Program Files\Android\Android Studio\jre\jre\bin\sunec.dll
0x00007ffcf4620000 - 0x00007ffcf462b000 	C:\Program Files\Android\Android Studio\jre\jre\bin\sunmscapi.dll
0x00007ffd04580000 - 0x00007ffd046df000 	C:\WINDOWS\System32\CRYPT32.dll
0x0000000067ea0000 - 0x0000000067eaa000 	C:\Program Files\National Instruments\Shared\mDNS Responder\nimdnsNSP.dll
0x00007ffcf2c80000 - 0x00007ffcf2c99000 	C:\WINDOWS\SYSTEM32\VCRUNTIME140.dll
0x0000000067e90000 - 0x0000000067ea0000 	C:\WINDOWS\SYSTEM32\nimdnsResponder.dll
0x00007ffcf3fd0000 - 0x00007ffcf3fda000 	C:\Windows\System32\rasadhlp.dll
0x00007ffcf3ff0000 - 0x00007ffcf406f000 	C:\WINDOWS\System32\fwpuclnt.dll
0x00007ffd03210000 - 0x00007ffd03243000 	C:\WINDOWS\SYSTEM32\ntmarta.dll
0x00007ffcf4c90000 - 0x00007ffcf4e2c000 	C:\Program Files\Android\Android Studio\jre\jre\bin\awt.dll
0x00007ffd05d40000 - 0x00007ffd05e0d000 	C:\WINDOWS\System32\OLEAUT32.dll
0x00007ffd01e50000 - 0x00007ffd01e7f000 	C:\WINDOWS\SYSTEM32\dwmapi.dll
0x00007ffd00850000 - 0x00007ffd00e10000 	C:\WINDOWS\SYSTEM32\d2d1.dll
0x00007ffd01a30000 - 0x00007ffd01ac0000 	C:\WINDOWS\SYSTEM32\apphelp.dll
0x00007ffd01bc0000 - 0x00007ffd01c5e000 	C:\WINDOWS\system32\uxtheme.dll

VM Arguments:
jvm_args: -Xmx2048m -Dfile.encoding=UTF-8 -Duser.country=IN -Duser.language=en -Duser.variant 
java_command: org.gradle.launcher.daemon.bootstrap.GradleDaemon 7.0
java_class_path (initial): C:\Users\Heramba\.gradle\wrapper\dists\gradle-7.0-bin\2p9ebqfz6ilrfozi676ogco7n\gradle-7.0\lib\gradle-launcher-7.0.jar
Launcher Type: SUN_STANDARD

Environment Variables:
PATH=C:\Program Files\Common Files\Oracle\Java\javapath;C:\Windows\system32;C:\Windows;C:\Windows\System32\Wbem;C:\Windows\System32\WindowsPowerShell\v1.0\;C:\Windows\System32\OpenSSH\;C:\Program Files\NVIDIA Corporation\NVIDIA NGX;C:\Program Files (x86)\NVIDIA Corporation\PhysX\Common;C:\Program Files\NVIDIA Corporation\NVIDIA NvDLISR;C:\WINDOWS\system32;C:\WINDOWS;C:\WINDOWS\System32\Wbem;C:\WINDOWS\System32\WindowsPowerShell\v1.0\;C:\WINDOWS\System32\OpenSSH\;D:\Programme_folder\bin;D:\Programme folder\MATLAB\bin;C:\Program Files (x86)\IVI Foundation\VISA\WinNT\Bin\;C:\Program Files\IVI Foundation\VISA\Win64\Bin\;C:\Program Files (x86)\IVI Foundation\VISA\WinNT\Bin;D:\Programme folder\MinGW\bin;D:\Programme folder\Git\cmd;D:\Programme folder\Go\bin;C:\Users\Heramba\AppData\Local\Programs\Python\Python38-32\Scripts\;C:\Users\Heramba\AppData\Local\Programs\Python\Python38-32\;C:\Users\Heramba\AppData\Local\Microsoft\WindowsApps;C:\Users\Heramba\AppData\Local\atom\bin;D:\Programme folder\Microsoft VS Code\bin;C:\Users\Heramba\AppData\Local\Microsoft\WindowsApps;C:\Users\Heramba\go\bin
USERNAME=Heramba
OS=Windows_NT
PROCESSOR_IDENTIFIER=Intel64 Family 6 Model 158 Stepping 10, GenuineIntel



---------------  S Y S T E M  ---------------

OS: Windows 10.0 , 64 bit Build 19041 (10.0.19041.928)

CPU:total 8 (initial active 8) (4 cores per cpu, 2 threads per core) family 6 model 158 stepping 10, cmov, cx8, fxsr, mmx, sse, sse2, sse3, ssse3, sse4.1, sse4.2, popcnt, avx, avx2, aes, clmul, erms, 3dnowpref, lzcnt, ht, tsc, tscinvbit, bmi1, bmi2, adx

Memory: 4k page, physical 16613620k(195344k free), swap 47723888k(100k free)

vm_info: OpenJDK 64-Bit Server VM (25.242-b01) for windows-amd64 JRE (1.8.0_242-release-1644-b01), built by "builder" with MS VC++ 10.0 (VS2010)

time: Tue Apr 20 13:02:01 2021
timezone: India Standard Time
elapsed time: 795 seconds (0d 0h 13m 15s)

